{"numTotalTestSuites":197,"numPassedTestSuites":160,"numFailedTestSuites":37,"numPendingTestSuites":0,"numTotalTests":926,"numPassedTests":859,"numFailedTests":66,"numPendingTests":1,"numTodoTests":0,"snapshot":{"added":0,"failure":false,"filesAdded":0,"filesRemoved":0,"filesRemovedList":[],"filesUnmatched":0,"filesUpdated":0,"matched":0,"total":0,"unchecked":0,"uncheckedKeysByFile":[],"unmatched":0,"updated":0,"didUpdate":false},"startTime":1778172431098,"success":false,"testResults":[{"assertionResults":[],"startTime":1778172431098,"endTime":1778172431098,"status":"failed","message":"No test suite found in file C:/Users/david/dev/robotics/ftc/ARESWEB/scratch.test.ts","name":"C:/Users/david/dev/robotics/ftc/ARESWEB/scratch.test.ts"},{"assertionResults":[{"ancestorTitles":["Image Optimization Script"],"fullName":"Image Optimization Script should fail when script does not convert all images to responsive variants","status":"passed","title":"should fail when script does not convert all images to responsive variants","duration":8.861300000000483,"failureMessages":[],"meta":{}},{"ancestorTitles":["Image Optimization Script"],"fullName":"Image Optimization Script should fail when script does not convert PNG to WebP","status":"passed","title":"should fail when script does not convert PNG to WebP","duration":7.4284999999999854,"failureMessages":[],"meta":{}},{"ancestorTitles":["Image Optimization Script"],"fullName":"Image Optimization Script should fail when script does not generate responsive variants","status":"passed","title":"should fail when script does not generate responsive variants","duration":21.20259999999962,"failureMessages":[],"meta":{}}],"startTime":1778172477445,"endTime":1778172477482.2026,"status":"passed","message":"","name":"C:/Users/david/dev/robotics/ftc/ARESWEB/scripts/optimize-images.test.mjs"},{"assertionResults":[{"ancestorTitles":["App Router Setup"],"fullName":"App Router Setup renders the app successfully without crashing","status":"passed","title":"renders the app successfully without crashing","duration":153.33110000000033,"failureMessages":[],"meta":{}}],"startTime":1778172486191,"endTime":1778172486344.331,"status":"passed","message":"","name":"C:/Users/david/dev/robotics/ftc/ARESWEB/src/App.test.tsx"},{"assertionResults":[{"ancestorTitles":["crypto PII encryption utility","encrypt()"],"fullName":"crypto PII encryption utility encrypt() returns empty string for empty input","status":"passed","title":"returns empty string for empty input","duration":1.7008000000005268,"failureMessages":[],"meta":{}},{"ancestorTitles":["crypto PII encryption utility","encrypt()"],"fullName":"crypto PII encryption utility encrypt() returns empty string for falsy input","status":"passed","title":"returns empty string for falsy input","duration":0.4300999999995838,"failureMessages":[],"meta":{}},{"ancestorTitles":["crypto PII encryption utility","encrypt()"],"fullName":"crypto PII encryption utility encrypt() calls crypto.subtle.encrypt with AES-GCM","status":"passed","title":"calls crypto.subtle.encrypt with AES-GCM","duration":7.152399999999943,"failureMessages":[],"meta":{}},{"ancestorTitles":["crypto PII encryption utility","encrypt()"],"fullName":"crypto PII encryption utility encrypt() returns salt:iv:ciphertext format","status":"passed","title":"returns salt:iv:ciphertext format","duration":0.7525999999998021,"failureMessages":[],"meta":{}},{"ancestorTitles":["crypto PII encryption utility","decrypt()"],"fullName":"crypto PII encryption utility decrypt() returns input unchanged if no colon separator","status":"passed","title":"returns input unchanged if no colon separator","duration":0.6760000000003856,"failureMessages":[],"meta":{}},{"ancestorTitles":["crypto PII encryption utility","decrypt()"],"fullName":"crypto PII encryption utility decrypt() returns input unchanged for empty string","status":"passed","title":"returns input unchanged for empty string","duration":0.2937000000001717,"failureMessages":[],"meta":{}},{"ancestorTitles":["crypto PII encryption utility","decrypt()"],"fullName":"crypto PII encryption utility decrypt() returns input unchanged for null/falsy","status":"passed","title":"returns input unchanged for null/falsy","duration":0.4620999999997366,"failureMessages":[],"meta":{}},{"ancestorTitles":["crypto PII encryption utility","decrypt()"],"fullName":"crypto PII encryption utility decrypt() handles 3-part format (salt:iv:ciphertext)","status":"passed","title":"handles 3-part format (salt:iv:ciphertext)","duration":1.467399999999543,"failureMessages":[],"meta":{}},{"ancestorTitles":["crypto PII encryption utility","decrypt()"],"fullName":"crypto PII encryption utility decrypt() handles legacy 2-part format (iv:ciphertext)","status":"passed","title":"handles legacy 2-part format (iv:ciphertext)","duration":0.7280000000000655,"failureMessages":[],"meta":{}},{"ancestorTitles":["crypto PII encryption utility","decrypt()"],"fullName":"crypto PII encryption utility decrypt() returns sentinel on decryption failure (SEC-02)","status":"passed","title":"returns sentinel on decryption failure (SEC-02)","duration":2.7923000000000684,"failureMessages":[],"meta":{}},{"ancestorTitles":["crypto PII encryption utility","decrypt()"],"fullName":"crypto PII encryption utility decrypt() returns input for single-part strings with no colon","status":"passed","title":"returns input for single-part strings with no colon","duration":0.235700000000179,"failureMessages":[],"meta":{}},{"ancestorTitles":["crypto PII encryption utility","decrypt()"],"fullName":"crypto PII encryption utility decrypt() returns input when parts are empty after split","status":"passed","title":"returns input when parts are empty after split","duration":0.3094999999993888,"failureMessages":[],"meta":{}}],"startTime":1778172467456,"endTime":1778172467474.3096,"status":"passed","message":"","name":"C:/Users/david/dev/robotics/ftc/ARESWEB/functions/utils/crypto.test.ts"},{"assertionResults":[{"ancestorTitles":["gcalSync Utilities","getGcalAccessToken"],"fullName":"gcalSync Utilities getGcalAccessToken should return an access token on successful auth","status":"failed","title":"should return an access token on successful auth","duration":18.24449999999979,"failureMessages":["TypeError: RequestInit: Expected signal (\"AbortSignal {}\") to be an instance of AbortSignal.\n    at Object.webidl.errors.exception (node:internal/deps/undici/undici:4723:14)\n    at Object.AbortSignal (node:internal/deps/undici/undici:4982:31)\n    at node:internal/deps/undici/undici:11598:41\n    at node:internal/deps/undici/undici:5033:16\n    at Object.RequestInit (node:internal/deps/undici/undici:5015:21)\n    at new Request (node:internal/deps/undici/undici:10962:34)\n    at Object.construct (file:///C:/Users/david/dev/robotics/ftc/ARESWEB/node_modules/@mswjs/interceptors/src/interceptors/ClientRequest/utils/recordRawHeaders.ts:207:33)\n    at new FetchRequest (file:///C:/Users/david/dev/robotics/ftc/ARESWEB/node_modules/@mswjs/interceptors/src/utils/fetchUtils.ts:73:5)\n    at fetchProxy (file:///C:/Users/david/dev/robotics/ftc/ARESWEB/node_modules/@mswjs/interceptors/src/interceptors/fetch/index.ts:51:23)\n    at Module.getGcalAccessToken (C:\\Users\\david\\dev\\robotics\\ftc\\ARESWEB\\functions\\utils\\gcalSync.ts:42:21)"],"meta":{}},{"ancestorTitles":["gcalSync Utilities","getGcalAccessToken"],"fullName":"gcalSync Utilities getGcalAccessToken should throw on missing access_token","status":"failed","title":"should throw on missing access_token","duration":11.800599999999577,"failureMessages":["AssertionError: expected [Function] to throw error including 'Failed to get Google Calendar access ΓÇª' but got 'RequestInit: Expected signal (\"AbortSΓÇª'\n    at _Assertion.<anonymous> (file:///C:/Users/david/dev/robotics/ftc/ARESWEB/node_modules/@vitest/expect/dist/index.js:1509:21)\n    at _Assertion.<anonymous> (file:///C:/Users/david/dev/robotics/ftc/ARESWEB/node_modules/@vitest/expect/dist/index.js:972:17)\n    at _Assertion.methodWrapper (file:///C:/Users/david/dev/robotics/ftc/ARESWEB/node_modules/chai/index.js:1686:25)\n    at file:///C:/Users/david/dev/robotics/ftc/ARESWEB/node_modules/@vitest/expect/dist/index.js:1849:31\n    at processTicksAndRejections (node:internal/process/task_queues:103:5)\n    at C:\\Users\\david\\dev\\robotics\\ftc\\ARESWEB\\functions\\utils\\gcalSync.test.ts:63:7\n    at file:///C:/Users/david/dev/robotics/ftc/ARESWEB/node_modules/@vitest/runner/dist/index.js:533:5\n    at runTest (file:///C:/Users/david/dev/robotics/ftc/ARESWEB/node_modules/@vitest/runner/dist/index.js:1056:11)\n    at runSuite (file:///C:/Users/david/dev/robotics/ftc/ARESWEB/node_modules/@vitest/runner/dist/index.js:1205:15)\n    at runSuite (file:///C:/Users/david/dev/robotics/ftc/ARESWEB/node_modules/@vitest/runner/dist/index.js:1205:15)"],"meta":{}},{"ancestorTitles":["gcalSync Utilities","pushEventToGcal"],"fullName":"gcalSync Utilities pushEventToGcal should return undefined for missing config","status":"passed","title":"should return undefined for missing config","duration":0.7121000000006461,"failureMessages":[],"meta":{}},{"ancestorTitles":["gcalSync Utilities","pushEventToGcal"],"fullName":"gcalSync Utilities pushEventToGcal should POST a new event and return gcal_event_id","status":"failed","title":"should POST a new event and return gcal_event_id","duration":2.1666999999997643,"failureMessages":["TypeError: RequestInit: Expected signal (\"AbortSignal {}\") to be an instance of AbortSignal.\n    at Object.webidl.errors.exception (node:internal/deps/undici/undici:4723:14)\n    at Object.AbortSignal (node:internal/deps/undici/undici:4982:31)\n    at node:internal/deps/undici/undici:11598:41\n    at node:internal/deps/undici/undici:5033:16\n    at Object.RequestInit (node:internal/deps/undici/undici:5015:21)\n    at new Request (node:internal/deps/undici/undici:10962:34)\n    at Object.construct (file:///C:/Users/david/dev/robotics/ftc/ARESWEB/node_modules/@mswjs/interceptors/src/interceptors/ClientRequest/utils/recordRawHeaders.ts:207:33)\n    at new FetchRequest (file:///C:/Users/david/dev/robotics/ftc/ARESWEB/node_modules/@mswjs/interceptors/src/utils/fetchUtils.ts:73:5)\n    at fetchProxy (file:///C:/Users/david/dev/robotics/ftc/ARESWEB/node_modules/@mswjs/interceptors/src/interceptors/fetch/index.ts:51:23)\n    at getGcalAccessToken (C:\\Users\\david\\dev\\robotics\\ftc\\ARESWEB\\functions\\utils\\gcalSync.ts:42:21)"],"meta":{}},{"ancestorTitles":["gcalSync Utilities","pushEventToGcal"],"fullName":"gcalSync Utilities pushEventToGcal should PUT when event has existing gcal_event_id","status":"failed","title":"should PUT when event has existing gcal_event_id","duration":2.198599999999715,"failureMessages":["TypeError: RequestInit: Expected signal (\"AbortSignal {}\") to be an instance of AbortSignal.\n    at Object.webidl.errors.exception (node:internal/deps/undici/undici:4723:14)\n    at Object.AbortSignal (node:internal/deps/undici/undici:4982:31)\n    at node:internal/deps/undici/undici:11598:41\n    at node:internal/deps/undici/undici:5033:16\n    at Object.RequestInit (node:internal/deps/undici/undici:5015:21)\n    at new Request (node:internal/deps/undici/undici:10962:34)\n    at Object.construct (file:///C:/Users/david/dev/robotics/ftc/ARESWEB/node_modules/@mswjs/interceptors/src/interceptors/ClientRequest/utils/recordRawHeaders.ts:207:33)\n    at new FetchRequest (file:///C:/Users/david/dev/robotics/ftc/ARESWEB/node_modules/@mswjs/interceptors/src/utils/fetchUtils.ts:73:5)\n    at fetchProxy (file:///C:/Users/david/dev/robotics/ftc/ARESWEB/node_modules/@mswjs/interceptors/src/interceptors/fetch/index.ts:51:23)\n    at getGcalAccessToken (C:\\Users\\david\\dev\\robotics\\ftc\\ARESWEB\\functions\\utils\\gcalSync.ts:42:21)"],"meta":{}},{"ancestorTitles":["gcalSync Utilities","pushEventToGcal"],"fullName":"gcalSync Utilities pushEventToGcal should throw on non-ok response","status":"failed","title":"should throw on non-ok response","duration":3.41820000000007,"failureMessages":["AssertionError: expected [Function] to throw error including 'Google API Error: 403' but got 'RequestInit: Expected signal (\"AbortSΓÇª'\n    at _Assertion.<anonymous> (file:///C:/Users/david/dev/robotics/ftc/ARESWEB/node_modules/@vitest/expect/dist/index.js:1509:21)\n    at _Assertion.<anonymous> (file:///C:/Users/david/dev/robotics/ftc/ARESWEB/node_modules/@vitest/expect/dist/index.js:972:17)\n    at _Assertion.methodWrapper (file:///C:/Users/david/dev/robotics/ftc/ARESWEB/node_modules/chai/index.js:1686:25)\n    at file:///C:/Users/david/dev/robotics/ftc/ARESWEB/node_modules/@vitest/expect/dist/index.js:1849:31\n    at processTicksAndRejections (node:internal/process/task_queues:103:5)\n    at C:\\Users\\david\\dev\\robotics\\ftc\\ARESWEB\\functions\\utils\\gcalSync.test.ts:123:7\n    at file:///C:/Users/david/dev/robotics/ftc/ARESWEB/node_modules/@vitest/runner/dist/index.js:533:5\n    at runTest (file:///C:/Users/david/dev/robotics/ftc/ARESWEB/node_modules/@vitest/runner/dist/index.js:1056:11)\n    at runSuite (file:///C:/Users/david/dev/robotics/ftc/ARESWEB/node_modules/@vitest/runner/dist/index.js:1205:15)\n    at runSuite (file:///C:/Users/david/dev/robotics/ftc/ARESWEB/node_modules/@vitest/runner/dist/index.js:1205:15)"],"meta":{}},{"ancestorTitles":["gcalSync Utilities","deleteEventFromGcal"],"fullName":"gcalSync Utilities deleteEventFromGcal should skip delete for missing config or gcal_id","status":"passed","title":"should skip delete for missing config or gcal_id","duration":0.44459999999980937,"failureMessages":[],"meta":{}},{"ancestorTitles":["gcalSync Utilities","deleteEventFromGcal"],"fullName":"gcalSync Utilities deleteEventFromGcal should send DELETE request","status":"failed","title":"should send DELETE request","duration":1.8617000000003827,"failureMessages":["TypeError: RequestInit: Expected signal (\"AbortSignal {}\") to be an instance of AbortSignal.\n    at Object.webidl.errors.exception (node:internal/deps/undici/undici:4723:14)\n    at Object.AbortSignal (node:internal/deps/undici/undici:4982:31)\n    at node:internal/deps/undici/undici:11598:41\n    at node:internal/deps/undici/undici:5033:16\n    at Object.RequestInit (node:internal/deps/undici/undici:5015:21)\n    at new Request (node:internal/deps/undici/undici:10962:34)\n    at Object.construct (file:///C:/Users/david/dev/robotics/ftc/ARESWEB/node_modules/@mswjs/interceptors/src/interceptors/ClientRequest/utils/recordRawHeaders.ts:207:33)\n    at new FetchRequest (file:///C:/Users/david/dev/robotics/ftc/ARESWEB/node_modules/@mswjs/interceptors/src/utils/fetchUtils.ts:73:5)\n    at fetchProxy (file:///C:/Users/david/dev/robotics/ftc/ARESWEB/node_modules/@mswjs/interceptors/src/interceptors/fetch/index.ts:51:23)\n    at getGcalAccessToken (C:\\Users\\david\\dev\\robotics\\ftc\\ARESWEB\\functions\\utils\\gcalSync.ts:42:21)"],"meta":{}},{"ancestorTitles":["gcalSync Utilities","deleteEventFromGcal"],"fullName":"gcalSync Utilities deleteEventFromGcal should silently handle 410 responses","status":"failed","title":"should silently handle 410 responses","duration":2.2330999999994674,"failureMessages":["TypeError: RequestInit: Expected signal (\"AbortSignal {}\") to be an instance of AbortSignal.\n    at Object.webidl.errors.exception (node:internal/deps/undici/undici:4723:14)\n    at Object.AbortSignal (node:internal/deps/undici/undici:4982:31)\n    at node:internal/deps/undici/undici:11598:41\n    at node:internal/deps/undici/undici:5033:16\n    at Object.RequestInit (node:internal/deps/undici/undici:5015:21)\n    at new Request (node:internal/deps/undici/undici:10962:34)\n    at Object.construct (file:///C:/Users/david/dev/robotics/ftc/ARESWEB/node_modules/@mswjs/interceptors/src/interceptors/ClientRequest/utils/recordRawHeaders.ts:207:33)\n    at new FetchRequest (file:///C:/Users/david/dev/robotics/ftc/ARESWEB/node_modules/@mswjs/interceptors/src/utils/fetchUtils.ts:73:5)\n    at fetchProxy (file:///C:/Users/david/dev/robotics/ftc/ARESWEB/node_modules/@mswjs/interceptors/src/interceptors/fetch/index.ts:51:23)\n    at getGcalAccessToken (C:\\Users\\david\\dev\\robotics\\ftc\\ARESWEB\\functions\\utils\\gcalSync.ts:42:21)"],"meta":{}},{"ancestorTitles":["gcalSync Utilities","pullEventsFromGcal"],"fullName":"gcalSync Utilities pullEventsFromGcal should fetch and map events from GCal","status":"failed","title":"should fetch and map events from GCal","duration":2.043399999999565,"failureMessages":["TypeError: RequestInit: Expected signal (\"AbortSignal {}\") to be an instance of AbortSignal.\n    at Object.webidl.errors.exception (node:internal/deps/undici/undici:4723:14)\n    at Object.AbortSignal (node:internal/deps/undici/undici:4982:31)\n    at node:internal/deps/undici/undici:11598:41\n    at node:internal/deps/undici/undici:5033:16\n    at Object.RequestInit (node:internal/deps/undici/undici:5015:21)\n    at new Request (node:internal/deps/undici/undici:10962:34)\n    at Object.construct (file:///C:/Users/david/dev/robotics/ftc/ARESWEB/node_modules/@mswjs/interceptors/src/interceptors/ClientRequest/utils/recordRawHeaders.ts:207:33)\n    at new FetchRequest (file:///C:/Users/david/dev/robotics/ftc/ARESWEB/node_modules/@mswjs/interceptors/src/utils/fetchUtils.ts:73:5)\n    at fetchProxy (file:///C:/Users/david/dev/robotics/ftc/ARESWEB/node_modules/@mswjs/interceptors/src/interceptors/fetch/index.ts:51:23)\n    at getGcalAccessToken (C:\\Users\\david\\dev\\robotics\\ftc\\ARESWEB\\functions\\utils\\gcalSync.ts:42:21)"],"meta":{}},{"ancestorTitles":["gcalSync Utilities","pullEventsFromGcal"],"fullName":"gcalSync Utilities pullEventsFromGcal should throw on non-ok response","status":"failed","title":"should throw on non-ok response","duration":2.891099999999824,"failureMessages":["AssertionError: expected [Function] to throw error including 'Failed to pull from GCal (test-calendΓÇª' but got 'RequestInit: Expected signal (\"AbortSΓÇª'\n    at _Assertion.<anonymous> (file:///C:/Users/david/dev/robotics/ftc/ARESWEB/node_modules/@vitest/expect/dist/index.js:1509:21)\n    at _Assertion.<anonymous> (file:///C:/Users/david/dev/robotics/ftc/ARESWEB/node_modules/@vitest/expect/dist/index.js:972:17)\n    at _Assertion.methodWrapper (file:///C:/Users/david/dev/robotics/ftc/ARESWEB/node_modules/chai/index.js:1686:25)\n    at file:///C:/Users/david/dev/robotics/ftc/ARESWEB/node_modules/@vitest/expect/dist/index.js:1849:31\n    at processTicksAndRejections (node:internal/process/task_queues:103:5)\n    at C:\\Users\\david\\dev\\robotics\\ftc\\ARESWEB\\functions\\utils\\gcalSync.test.ts:213:7\n    at file:///C:/Users/david/dev/robotics/ftc/ARESWEB/node_modules/@vitest/runner/dist/index.js:533:5\n    at runTest (file:///C:/Users/david/dev/robotics/ftc/ARESWEB/node_modules/@vitest/runner/dist/index.js:1056:11)\n    at runSuite (file:///C:/Users/david/dev/robotics/ftc/ARESWEB/node_modules/@vitest/runner/dist/index.js:1205:15)\n    at runSuite (file:///C:/Users/david/dev/robotics/ftc/ARESWEB/node_modules/@vitest/runner/dist/index.js:1205:15)"],"meta":{}},{"ancestorTitles":["gcalSync Utilities","pullEventsFromGcal"],"fullName":"gcalSync Utilities pullEventsFromGcal should handle empty items array","status":"failed","title":"should handle empty items array","duration":2.460399999999936,"failureMessages":["TypeError: RequestInit: Expected signal (\"AbortSignal {}\") to be an instance of AbortSignal.\n    at Object.webidl.errors.exception (node:internal/deps/undici/undici:4723:14)\n    at Object.AbortSignal (node:internal/deps/undici/undici:4982:31)\n    at node:internal/deps/undici/undici:11598:41\n    at node:internal/deps/undici/undici:5033:16\n    at Object.RequestInit (node:internal/deps/undici/undici:5015:21)\n    at new Request (node:internal/deps/undici/undici:10962:34)\n    at Object.construct (file:///C:/Users/david/dev/robotics/ftc/ARESWEB/node_modules/@mswjs/interceptors/src/interceptors/ClientRequest/utils/recordRawHeaders.ts:207:33)\n    at new FetchRequest (file:///C:/Users/david/dev/robotics/ftc/ARESWEB/node_modules/@mswjs/interceptors/src/utils/fetchUtils.ts:73:5)\n    at fetchProxy (file:///C:/Users/david/dev/robotics/ftc/ARESWEB/node_modules/@mswjs/interceptors/src/interceptors/fetch/index.ts:51:23)\n    at getGcalAccessToken (C:\\Users\\david\\dev\\robotics\\ftc\\ARESWEB\\functions\\utils\\gcalSync.ts:42:21)"],"meta":{}}],"startTime":1778172453243,"endTime":1778172453294.4604,"status":"failed","message":"","name":"C:/Users/david/dev/robotics/ftc/ARESWEB/functions/utils/gcalSync.test.ts"},{"assertionResults":[{"ancestorTitles":["githubProjects Utilities","buildGitHubConfig"],"fullName":"githubProjects Utilities buildGitHubConfig should return config when PAT and projectId are present","status":"passed","title":"should return config when PAT and projectId are present","duration":2.69419999999991,"failureMessages":[],"meta":{}},{"ancestorTitles":["githubProjects Utilities","buildGitHubConfig"],"fullName":"githubProjects Utilities buildGitHubConfig should fall back to siteConfig org when GITHUB_ORG is missing","status":"passed","title":"should fall back to siteConfig org when GITHUB_ORG is missing","duration":0.5048999999999069,"failureMessages":[],"meta":{}},{"ancestorTitles":["githubProjects Utilities","buildGitHubConfig"],"fullName":"githubProjects Utilities buildGitHubConfig should return null when PAT is missing","status":"passed","title":"should return null when PAT is missing","duration":0.39940000000024156,"failureMessages":[],"meta":{}},{"ancestorTitles":["githubProjects Utilities","buildGitHubConfig"],"fullName":"githubProjects Utilities buildGitHubConfig should return null when projectId is missing","status":"passed","title":"should return null when projectId is missing","duration":0.3360000000002401,"failureMessages":[],"meta":{}},{"ancestorTitles":["githubProjects Utilities","buildGitHubConfig"],"fullName":"githubProjects Utilities buildGitHubConfig should return null for empty settings","status":"passed","title":"should return null for empty settings","duration":0.2702999999992244,"failureMessages":[],"meta":{}},{"ancestorTitles":["githubProjects Utilities","fetchProjectBoard"],"fullName":"githubProjects Utilities fetchProjectBoard should parse and return project board data","status":"passed","title":"should parse and return project board data","duration":7.8312000000005355,"failureMessages":[],"meta":{}},{"ancestorTitles":["githubProjects Utilities","fetchProjectFields"],"fullName":"githubProjects Utilities fetchProjectFields should return mapped field data","status":"passed","title":"should return mapped field data","duration":0.9287999999996828,"failureMessages":[],"meta":{}},{"ancestorTitles":["githubProjects Utilities","createProjectItem"],"fullName":"githubProjects Utilities createProjectItem should create a draft issue and return item id","status":"passed","title":"should create a draft issue and return item id","duration":3.032799999999952,"failureMessages":[],"meta":{}},{"ancestorTitles":["githubProjects Utilities","createProjectItem"],"fullName":"githubProjects Utilities createProjectItem should pass null body when not provided","status":"passed","title":"should pass null body when not provided","duration":0.958400000000438,"failureMessages":[],"meta":{}},{"ancestorTitles":["githubProjects Utilities","updateProjectItemStatus"],"fullName":"githubProjects Utilities updateProjectItemStatus should update status field and return true","status":"passed","title":"should update status field and return true","duration":0.6028000000005704,"failureMessages":[],"meta":{}},{"ancestorTitles":["githubProjects Utilities","queryProjectItem"],"fullName":"githubProjects Utilities queryProjectItem should return a project item with parsed fields","status":"passed","title":"should return a project item with parsed fields","duration":0.8626000000003842,"failureMessages":[],"meta":{}},{"ancestorTitles":["githubProjects Utilities","queryProjectItem"],"fullName":"githubProjects Utilities queryProjectItem should return null when item is not found","status":"passed","title":"should return null when item is not found","duration":0.2878000000000611,"failureMessages":[],"meta":{}}],"startTime":1778172455062,"endTime":1778172455082.2878,"status":"passed","message":"","name":"C:/Users/david/dev/robotics/ftc/ARESWEB/functions/utils/githubProjects.test.ts"},{"assertionResults":[{"ancestorTitles":["IRV Calculator"],"fullName":"IRV Calculator should declare winner on first round if >50%","status":"passed","title":"should declare winner on first round if >50%","duration":2.64009999999962,"failureMessages":[],"meta":{}},{"ancestorTitles":["IRV Calculator"],"fullName":"IRV Calculator should eliminate candidate and transfer vote","status":"passed","title":"should eliminate candidate and transfer vote","duration":1.4237999999995736,"failureMessages":[],"meta":{}},{"ancestorTitles":["IRV Calculator"],"fullName":"IRV Calculator should handle ties","status":"passed","title":"should handle ties","duration":0.44790000000011787,"failureMessages":[],"meta":{}}],"startTime":1778172483615,"endTime":1778172483619.448,"status":"passed","message":"","name":"C:/Users/david/dev/robotics/ftc/ARESWEB/functions/utils/irvCalculator.test.ts"},{"assertionResults":[{"ancestorTitles":["notifications utility","emitNotification()"],"fullName":"notifications utility emitNotification() inserts notification with priority into D1","status":"passed","title":"inserts notification with priority into D1","duration":7.180599999999686,"failureMessages":[],"meta":{}},{"ancestorTitles":["notifications utility","emitNotification()"],"fullName":"notifications utility emitNotification() handles missing link gracefully (null)","status":"passed","title":"handles missing link gracefully (null)","duration":1.1461999999992258,"failureMessages":[],"meta":{}},{"ancestorTitles":["notifications utility","emitNotification()"],"fullName":"notifications utility emitNotification() defaults priority to low","status":"passed","title":"defaults priority to low","duration":1.2640000000010332,"failureMessages":[],"meta":{}},{"ancestorTitles":["notifications utility","emitNotification()"],"fullName":"notifications utility emitNotification() survives D1 failure without throwing","status":"passed","title":"survives D1 failure without throwing","duration":5.299000000000888,"failureMessages":[],"meta":{}},{"ancestorTitles":["notifications utility","notifyByRole()"],"fullName":"notifications utility notifyByRole() returns early for empty audiences","status":"passed","title":"returns early for empty audiences","duration":1.287399999999252,"failureMessages":[],"meta":{}},{"ancestorTitles":["notifications utility","notifyByRole()"],"fullName":"notifications utility notifyByRole() queries admin users when audience includes admin","status":"passed","title":"queries admin users when audience includes admin","duration":1.6349000000009255,"failureMessages":[],"meta":{}},{"ancestorTitles":["notifications utility","notifyByRole()"],"fullName":"notifications utility notifyByRole() queries profile types when audience includes coach/mentor","status":"passed","title":"queries profile types when audience includes coach/mentor","duration":1.6481000000003405,"failureMessages":[],"meta":{}},{"ancestorTitles":["notifications utility","notifyByRole()"],"fullName":"notifications utility notifyByRole() chunks notifications into batches of 100 to respect D1 limits","status":"passed","title":"chunks notifications into batches of 100 to respect D1 limits","duration":2.32930000000124,"failureMessages":[],"meta":{}},{"ancestorTitles":["notifications utility","notifyByRole()"],"fullName":"notifications utility notifyByRole() survives D1 failure without throwing","status":"passed","title":"survives D1 failure without throwing","duration":1.3783999999996013,"failureMessages":[],"meta":{}},{"ancestorTitles":["notifications utility","notifyAdmins()"],"fullName":"notifications utility notifyAdmins() delegates to notifyByRole with admin audience","status":"passed","title":"delegates to notifyByRole with admin audience","duration":1.2808999999997468,"failureMessages":[],"meta":{}}],"startTime":1778172464002,"endTime":1778172464028.281,"status":"passed","message":"","name":"C:/Users/david/dev/robotics/ftc/ARESWEB/functions/utils/notifications.test.ts"},{"assertionResults":[{"ancestorTitles":["socialSync Utilities","dispatchSocials"],"fullName":"socialSync Utilities dispatchSocials should dispatch to all configured channels when no filter is provided","status":"passed","title":"should dispatch to all configured channels when no filter is provided","duration":3.3901999999998225,"failureMessages":[],"meta":{}},{"ancestorTitles":["socialSync Utilities","dispatchSocials"],"fullName":"socialSync Utilities dispatchSocials should respect socialsFilter and only dispatch enabled channels","status":"passed","title":"should respect socialsFilter and only dispatch enabled channels","duration":0.7782999999999447,"failureMessages":[],"meta":{}},{"ancestorTitles":["socialSync Utilities","dispatchSocials"],"fullName":"socialSync Utilities dispatchSocials should skip Zulip when no credentials are configured","status":"passed","title":"should skip Zulip when no credentials are configured","duration":0.4576999999999316,"failureMessages":[],"meta":{}},{"ancestorTitles":["socialSync Utilities","dispatchSocials"],"fullName":"socialSync Utilities dispatchSocials should log errors and throw on partial failures","status":"passed","title":"should log errors and throw on partial failures","duration":4.1215000000001965,"failureMessages":[],"meta":{}},{"ancestorTitles":["socialSync Utilities","dispatchSocials"],"fullName":"socialSync Utilities dispatchSocials should succeed when all dispatches resolve","status":"passed","title":"should succeed when all dispatches resolve","duration":0.9117000000005646,"failureMessages":[],"meta":{}},{"ancestorTitles":["socialSync Utilities","dispatchPhotoSocials"],"fullName":"socialSync Utilities dispatchPhotoSocials should dispatch photo to all visual channels","status":"passed","title":"should dispatch photo to all visual channels","duration":1.6648000000004686,"failureMessages":[],"meta":{}}],"startTime":1778172461787,"endTime":1778172461799.6648,"status":"passed","message":"","name":"C:/Users/david/dev/robotics/ftc/ARESWEB/functions/utils/socialSync.test.ts"},{"assertionResults":[{"ancestorTitles":["sendZulipMessage"],"fullName":"sendZulipMessage returns false if environment variables are missing","status":"passed","title":"returns false if environment variables are missing","duration":4.189499999999498,"failureMessages":[],"meta":{}},{"ancestorTitles":["sendZulipMessage"],"fullName":"sendZulipMessage returns true on successful message","status":"passed","title":"returns true on successful message","duration":1.8195999999998094,"failureMessages":[],"meta":{}},{"ancestorTitles":["sendZulipMessage"],"fullName":"sendZulipMessage returns false and logs error on non-ok response","status":"passed","title":"returns false and logs error on non-ok response","duration":1.4264000000002852,"failureMessages":[],"meta":{}},{"ancestorTitles":["sendZulipMessage"],"fullName":"sendZulipMessage returns false and logs error on exception","status":"passed","title":"returns false and logs error on exception","duration":1.2813999999998487,"failureMessages":[],"meta":{}}],"startTime":1778172480941,"endTime":1778172480949.2815,"status":"passed","message":"","name":"C:/Users/david/dev/robotics/ftc/ARESWEB/functions/utils/zulip.test.ts"},{"assertionResults":[{"ancestorTitles":["ModalContext"],"fullName":"ModalContext throws an error if useModal is used outside of ModalProvider","status":"passed","title":"throws an error if useModal is used outside of ModalProvider","duration":30.537000000000262,"failureMessages":[],"meta":{}},{"ancestorTitles":["ModalContext","ConfirmModal"],"fullName":"ModalContext ConfirmModal resolves to true when the confirm button is clicked","status":"passed","title":"resolves to true when the confirm button is clicked","duration":239.73939999999948,"failureMessages":[],"meta":{}},{"ancestorTitles":["ModalContext","ConfirmModal"],"fullName":"ModalContext ConfirmModal resolves to false when the cancel button is clicked","status":"passed","title":"resolves to false when the cancel button is clicked","duration":107.10370000000057,"failureMessages":[],"meta":{}},{"ancestorTitles":["ModalContext","ConfirmModal"],"fullName":"ModalContext ConfirmModal resolves to false when the escape key is pressed","status":"passed","title":"resolves to false when the escape key is pressed","duration":75.07139999999981,"failureMessages":[],"meta":{}},{"ancestorTitles":["ModalContext","PromptModal"],"fullName":"ModalContext PromptModal resolves to the inputted string when submitted","status":"passed","title":"resolves to the inputted string when submitted","duration":57.47440000000006,"failureMessages":[],"meta":{}},{"ancestorTitles":["ModalContext","PromptModal"],"fullName":"ModalContext PromptModal resolves to null when cancelled","status":"passed","title":"resolves to null when cancelled","duration":57.79190000000017,"failureMessages":[],"meta":{}},{"ancestorTitles":["ModalContext","PromptModal"],"fullName":"ModalContext PromptModal submits the input when the enter key is pressed","status":"passed","title":"submits the input when the enter key is pressed","duration":22.640599999999722,"failureMessages":[],"meta":{}}],"startTime":1778172469780,"endTime":1778172470371.6406,"status":"passed","message":"","name":"C:/Users/david/dev/robotics/ftc/ARESWEB/src/contexts/ModalContext.test.tsx"},{"assertionResults":[{"ancestorTitles":["AdminInquiries component"],"fullName":"AdminInquiries component should send the inquiry id when deleting an inquiry","status":"passed","title":"should send the inquiry id when deleting an inquiry","duration":395.15580000000045,"failureMessages":[],"meta":{}},{"ancestorTitles":["AdminInquiries component"],"fullName":"AdminInquiries component should call updateStatus mutation to resolve inquiry","status":"passed","title":"should call updateStatus mutation to resolve inquiry","duration":111.71949999999924,"failureMessages":[],"meta":{}},{"ancestorTitles":["AdminInquiries component"],"fullName":"AdminInquiries component should filter inquiries by status","status":"passed","title":"should filter inquiries by status","duration":155.02430000000095,"failureMessages":[],"meta":{}}],"startTime":1778172474225,"endTime":1778172474895.0244,"status":"passed","message":"","name":"C:/Users/david/dev/robotics/ftc/ARESWEB/src/components/AdminInquiries.test.tsx"},{"assertionResults":[{"ancestorTitles":["BrandLogo Component"],"fullName":"BrandLogo Component renders a loading skeleton initially, then the image","status":"passed","title":"renders a loading skeleton initially, then the image","duration":353.3639000000003,"failureMessages":[],"meta":{}},{"ancestorTitles":["BrandLogo Component"],"fullName":"BrandLogo Component safely generates a stable Google Favicon source url","status":"passed","title":"safely generates a stable Google Favicon source url","duration":14.238800000000083,"failureMessages":[],"meta":{}},{"ancestorTitles":["BrandLogo Component"],"fullName":"BrandLogo Component handles image errors by falling back to the default or custom icon","status":"passed","title":"handles image errors by falling back to the default or custom icon","duration":83.39210000000003,"failureMessages":[],"meta":{}},{"ancestorTitles":["BrandLogo Component"],"fullName":"BrandLogo Component falls back immediately without an image tag if the domain is invalid","status":"passed","title":"falls back immediately without an image tag if the domain is invalid","duration":5.565200000000004,"failureMessages":[],"meta":{}}],"startTime":1778172480618,"endTime":1778172481074.5652,"status":"passed","message":"","name":"C:/Users/david/dev/robotics/ftc/ARESWEB/src/components/BrandLogo.test.tsx"},{"assertionResults":[{"ancestorTitles":["SocialHub component"],"fullName":"SocialHub component renders the Social Media Manager header","status":"passed","title":"renders the Social Media Manager header","duration":122.96360000000004,"failureMessages":[],"meta":{}},{"ancestorTitles":["SocialHub component"],"fullName":"SocialHub component renders the tabs correctly","status":"passed","title":"renders the tabs correctly","duration":17.212399999999434,"failureMessages":[],"meta":{}},{"ancestorTitles":["SocialHub component"],"fullName":"SocialHub component defaults to the Compose tab","status":"passed","title":"defaults to the Compose tab","duration":15.102300000000469,"failureMessages":[],"meta":{}}],"startTime":1778172482292,"endTime":1778172482448.1023,"status":"passed","message":"","name":"C:/Users/david/dev/robotics/ftc/ARESWEB/src/components/SocialHub.test.tsx"},{"assertionResults":[{"ancestorTitles":["TaskBoardPage Component"],"fullName":"TaskBoardPage Component renders the Task Board header and Kanban component","status":"passed","title":"renders the Task Board header and Kanban component","duration":127.10790000000088,"failureMessages":[],"meta":{}}],"startTime":1778172483771,"endTime":1778172483898.108,"status":"passed","message":"","name":"C:/Users/david/dev/robotics/ftc/ARESWEB/src/components/TaskBoardPage.test.tsx"},{"assertionResults":[{"ancestorTitles":["Turnstile Component"],"fullName":"Turnstile Component bypasses turnstile in local environment and calls onVerify with test token","status":"passed","title":"bypasses turnstile in local environment and calls onVerify with test token","duration":251.51569999999992,"failureMessages":[],"meta":{}}],"startTime":1778172485149,"endTime":1778172485400.5156,"status":"passed","message":"","name":"C:/Users/david/dev/robotics/ftc/ARESWEB/src/components/Turnstile.test.tsx"},{"assertionResults":[{"ancestorTitles":["useAdminSettings"],"fullName":"useAdminSettings should fetch available socials based on settings","status":"passed","title":"should fetch available socials based on settings","duration":193.92919999999958,"failureMessages":[],"meta":{}},{"ancestorTitles":["useAdminSettings"],"fullName":"useAdminSettings should handle missing settings","status":"passed","title":"should handle missing settings","duration":112.8706000000002,"failureMessages":[],"meta":{}},{"ancestorTitles":["useAdminSettings"],"fullName":"useAdminSettings should handle partial settings (Zulip/Bluesky requirement checks)","status":"passed","title":"should handle partial settings (Zulip/Bluesky requirement checks)","duration":74.06370000000061,"failureMessages":[],"meta":{}},{"ancestorTitles":["useAdminSettings"],"fullName":"useAdminSettings should handle fetch failure gracefully","status":"passed","title":"should handle fetch failure gracefully","duration":115.71579999999994,"failureMessages":[],"meta":{}},{"ancestorTitles":["useAdminSettings"],"fullName":"useAdminSettings should handle success: false response","status":"passed","title":"should handle success: false response","duration":123.47360000000117,"failureMessages":[],"meta":{}}],"startTime":1778172473619,"endTime":1778172474239.4736,"status":"passed","message":"","name":"C:/Users/david/dev/robotics/ftc/ARESWEB/src/hooks/useAdminSettings.test.ts"},{"assertionResults":[{"ancestorTitles":["useDashboardNotifications Hook"],"fullName":"useDashboardNotifications Hook should fetch pending counts on mount when authorized","status":"passed","title":"should fetch pending counts on mount when authorized","duration":190.74299999999857,"failureMessages":[],"meta":{}},{"ancestorTitles":["useDashboardNotifications Hook"],"fullName":"useDashboardNotifications Hook should allow manager to see inquiries","status":"passed","title":"should allow manager to see inquiries","duration":109.4403000000002,"failureMessages":[],"meta":{}},{"ancestorTitles":["useDashboardNotifications Hook"],"fullName":"useDashboardNotifications Hook should not fetch when not authorized","status":"passed","title":"should not fetch when not authorized","duration":8.616899999999077,"failureMessages":[],"meta":{}},{"ancestorTitles":["useDashboardNotifications Hook"],"fullName":"useDashboardNotifications Hook should handle null results from endpoints","status":"passed","title":"should handle null results from endpoints","duration":9.13090000000011,"failureMessages":[],"meta":{}},{"ancestorTitles":["useDashboardNotifications Hook"],"fullName":"useDashboardNotifications Hook should cover arrow functions in filters","status":"passed","title":"should cover arrow functions in filters","duration":82.43470000000161,"failureMessages":[],"meta":{}},{"ancestorTitles":["useDashboardNotifications Hook"],"fullName":"useDashboardNotifications Hook should handle null results from all endpoints","status":"passed","title":"should handle null results from all endpoints","duration":8.407900000000154,"failureMessages":[],"meta":{}},{"ancestorTitles":["useDashboardNotifications Hook"],"fullName":"useDashboardNotifications Hook should handle non-200 responses (e.g. 500 server error) gracefully","status":"passed","title":"should handle non-200 responses (e.g. 500 server error) gracefully","duration":7.750099999999293,"failureMessages":[],"meta":{}}],"startTime":1778172456384,"endTime":1778172456801.75,"status":"passed","message":"","name":"C:/Users/david/dev/robotics/ftc/ARESWEB/src/hooks/useDashboardNotifications.test.ts"},{"assertionResults":[{"ancestorTitles":["useDashboardSession"],"fullName":"useDashboardSession should compute permissions correctly for admin","status":"passed","title":"should compute permissions correctly for admin","duration":264.4537,"failureMessages":[],"meta":{}},{"ancestorTitles":["useDashboardSession"],"fullName":"useDashboardSession should compute permissions correctly for unverified student","status":"passed","title":"should compute permissions correctly for unverified student","duration":92.10129999999845,"failureMessages":[],"meta":{}},{"ancestorTitles":["useDashboardSession"],"fullName":"useDashboardSession should handle session fetch failure","status":"passed","title":"should handle session fetch failure","duration":121.47249999999985,"failureMessages":[],"meta":{}},{"ancestorTitles":["useDashboardSession"],"fullName":"useDashboardSession should allow coach to see inquiries","status":"passed","title":"should allow coach to see inquiries","duration":148.64040000000023,"failureMessages":[],"meta":{}},{"ancestorTitles":["useDashboardSession"],"fullName":"useDashboardSession should allow lead to see inquiries","status":"passed","title":"should allow lead to see inquiries","duration":132.6144000000004,"failureMessages":[],"meta":{}},{"ancestorTitles":["useDashboardSession"],"fullName":"useDashboardSession should allow manager to see inquiries","status":"passed","title":"should allow manager to see inquiries","duration":70.13349999999991,"failureMessages":[],"meta":{}}],"startTime":1778172469573,"endTime":1778172470403.1335,"status":"passed","message":"","name":"C:/Users/david/dev/robotics/ftc/ARESWEB/src/hooks/useDashboardSession.test.ts"},{"assertionResults":[{"ancestorTitles":["useDocs hook"],"fullName":"useDocs hook loads and groups docs according to SIDEBAR_ORDER","status":"passed","title":"loads and groups docs according to SIDEBAR_ORDER","duration":25.625999999999294,"failureMessages":[],"meta":{}},{"ancestorTitles":["useDocs hook"],"fullName":"useDocs hook navigates to first doc if slug is undefined","status":"passed","title":"navigates to first doc if slug is undefined","duration":5.590900000000147,"failureMessages":[],"meta":{}},{"ancestorTitles":["useDocs hook"],"fullName":"useDocs hook tracks page view when currentDoc changes","status":"passed","title":"tracks page view when currentDoc changes","duration":3.676100000000588,"failureMessages":[],"meta":{}},{"ancestorTitles":["useDocs hook"],"fullName":"useDocs hook handles keyboard shortcut Cmd+K to open search","status":"passed","title":"handles keyboard shortcut Cmd+K to open search","duration":5.623199999999997,"failureMessages":[],"meta":{}},{"ancestorTitles":["useDocs hook"],"fullName":"useDocs hook handles Escape to close search","status":"passed","title":"handles Escape to close search","duration":4.8288000000002285,"failureMessages":[],"meta":{}},{"ancestorTitles":["useDocs hook"],"fullName":"useDocs hook handles non-200 or undefined API responses gracefully","status":"passed","title":"handles non-200 or undefined API responses gracefully","duration":3.1875,"failureMessages":[],"meta":{}}],"startTime":1778172465626,"endTime":1778172465675.1875,"status":"passed","message":"","name":"C:/Users/david/dev/robotics/ftc/ARESWEB/src/hooks/useDocs.test.tsx"},{"assertionResults":[{"ancestorTitles":["useEventFilters hook"],"fullName":"useEventFilters hook filters and sorts upcoming and past events correctly","status":"passed","title":"filters and sorts upcoming and past events correctly","duration":79.63849999999911,"failureMessages":[],"meta":{}},{"ancestorTitles":["useEventFilters hook"],"fullName":"useEventFilters hook identifies active competition correctly","status":"passed","title":"identifies active competition correctly","duration":32.1906999999992,"failureMessages":[],"meta":{}},{"ancestorTitles":["useEventFilters hook"],"fullName":"useEventFilters hook identifies active competition using default end date (start + 3 days) if date_end is missing","status":"passed","title":"identifies active competition using default end date (start + 3 days) if date_end is missing","duration":14.950300000000425,"failureMessages":[],"meta":{}}],"startTime":1778172471370,"endTime":1778172471496.9502,"status":"passed","message":"","name":"C:/Users/david/dev/robotics/ftc/ARESWEB/src/hooks/useEventFilters.test.ts"},{"assertionResults":[{"ancestorTitles":["useImageUpload"],"fullName":"useImageUpload uploads a file successfully","status":"passed","title":"uploads a file successfully","duration":73.64649999999892,"failureMessages":[],"meta":{}},{"ancestorTitles":["useImageUpload"],"fullName":"useImageUpload handles upload failure","status":"passed","title":"handles upload failure","duration":20.62620000000061,"failureMessages":[],"meta":{}},{"ancestorTitles":["useImageUpload"],"fullName":"useImageUpload handles missing url in response","status":"passed","title":"handles missing url in response","duration":17.023799999999028,"failureMessages":[],"meta":{}}],"startTime":1778172479146,"endTime":1778172479258.0237,"status":"passed","message":"","name":"C:/Users/david/dev/robotics/ftc/ARESWEB/src/hooks/useImageUpload.test.ts"},{"assertionResults":[{"ancestorTitles":["useMedia hook"],"fullName":"useMedia hook should initialize with default states and extract assets correctly","status":"passed","title":"should initialize with default states and extract assets correctly","duration":52.40380000000005,"failureMessages":[],"meta":{}},{"ancestorTitles":["useMedia hook"],"fullName":"useMedia hook should handle nested array in media response","status":"passed","title":"should handle nested array in media response","duration":20.378900000001522,"failureMessages":[],"meta":{}},{"ancestorTitles":["useMedia hook"],"fullName":"useMedia hook should call delete mutation when deleteAsset is called and confirmed","status":"passed","title":"should call delete mutation when deleteAsset is called and confirmed","duration":10.094299999998839,"failureMessages":[],"meta":{}},{"ancestorTitles":["useMedia hook"],"fullName":"useMedia hook should call move mutation when moveAsset is called","status":"passed","title":"should call move mutation when moveAsset is called","duration":11.91490000000158,"failureMessages":[],"meta":{}},{"ancestorTitles":["useMedia hook"],"fullName":"useMedia hook should call syndicate mutation callbacks","status":"passed","title":"should call syndicate mutation callbacks","duration":7.3799999999992,"failureMessages":[],"meta":{}},{"ancestorTitles":["useMedia hook"],"fullName":"useMedia hook should execute bulkUpload successfully","status":"passed","title":"should execute bulkUpload successfully","duration":20.998900000000503,"failureMessages":[],"meta":{}},{"ancestorTitles":["useMedia hook"],"fullName":"useMedia hook should handle bulkUpload errors gracefully","status":"failed","title":"should handle bulkUpload errors gracefully","duration":17.939700000000812,"failureMessages":["AssertionError: expected \"spy\" to be called with arguments: [ StringContaining \"Network Error\" ]\u001b[90m\n\nReceived: \n\n\u001b[1m  1st spy call:\n\n\u001b[22m\u001b[2m  Array [\u001b[22m\n\u001b[32m-   StringContaining \"Network Error\",\u001b[90m\n\u001b[31m+   \"\\\"test1.png\\\" failed: TypeError: Cannot destructure property 'blob' of '(intermediate value)' as it is undefined.\",\u001b[90m\n\u001b[2m  ]\u001b[22m\n\u001b[39m\u001b[90m\n\nNumber of calls: \u001b[1m1\u001b[22m\n\u001b[39m\n    at Proxy.<anonymous> (file:///C:/Users/david/dev/robotics/ftc/ARESWEB/node_modules/@vitest/expect/dist/index.js:1465:13)\n    at Proxy.<anonymous> (file:///C:/Users/david/dev/robotics/ftc/ARESWEB/node_modules/@vitest/expect/dist/index.js:972:17)\n    at Proxy.methodWrapper (file:///C:/Users/david/dev/robotics/ftc/ARESWEB/node_modules/chai/index.js:1686:25)\n    at C:\\Users\\david\\dev\\robotics\\ftc\\ARESWEB\\src\\hooks\\useMedia.test.tsx:229:25\n    at file:///C:/Users/david/dev/robotics/ftc/ARESWEB/node_modules/@vitest/runner/dist/index.js:533:5\n    at runTest (file:///C:/Users/david/dev/robotics/ftc/ARESWEB/node_modules/@vitest/runner/dist/index.js:1056:11)\n    at runSuite (file:///C:/Users/david/dev/robotics/ftc/ARESWEB/node_modules/@vitest/runner/dist/index.js:1205:15)\n    at runSuite (file:///C:/Users/david/dev/robotics/ftc/ARESWEB/node_modules/@vitest/runner/dist/index.js:1205:15)\n    at runFiles (file:///C:/Users/david/dev/robotics/ftc/ARESWEB/node_modules/@vitest/runner/dist/index.js:1262:5)\n    at startTests (file:///C:/Users/david/dev/robotics/ftc/ARESWEB/node_modules/@vitest/runner/dist/index.js:1271:3)"],"meta":{}},{"ancestorTitles":["useMedia hook"],"fullName":"useMedia hook should filter assets by selectedFolderFilter","status":"passed","title":"should filter assets by selectedFolderFilter","duration":16.635800000000017,"failureMessages":[],"meta":{}}],"startTime":1778172455108,"endTime":1778172455266.6357,"status":"failed","message":"","name":"C:/Users/david/dev/robotics/ftc/ARESWEB/src/hooks/useMedia.test.tsx"},{"assertionResults":[{"ancestorTitles":["useMergedNotifications hook"],"fullName":"useMergedNotifications hook should initialize with empty notifications when no data is provided","status":"passed","title":"should initialize with empty notifications when no data is provided","duration":23.046900000000278,"failureMessages":[],"meta":{}},{"ancestorTitles":["useMergedNotifications hook"],"fullName":"useMergedNotifications hook should return unread count correctly for raw API notifications","status":"passed","title":"should return unread count correctly for raw API notifications","duration":5.479499999999462,"failureMessages":[],"meta":{}},{"ancestorTitles":["useMergedNotifications hook"],"fullName":"useMergedNotifications hook should filter out redundant DB notifications","status":"passed","title":"should filter out redundant DB notifications","duration":4.028699999999844,"failureMessages":[],"meta":{}},{"ancestorTitles":["useMergedNotifications hook"],"fullName":"useMergedNotifications hook should merge pending items into synthetic notifications","status":"passed","title":"should merge pending items into synthetic notifications","duration":4.225499999999556,"failureMessages":[],"meta":{}},{"ancestorTitles":["useMergedNotifications hook"],"fullName":"useMergedNotifications hook should disable query if not signed in","status":"passed","title":"should disable query if not signed in","duration":6.032799999999952,"failureMessages":[],"meta":{}}],"startTime":1778172468033,"endTime":1778172468076.0327,"status":"passed","message":"","name":"C:/Users/david/dev/robotics/ftc/ARESWEB/src/hooks/useMergedNotifications.test.tsx"},{"assertionResults":[{"ancestorTitles":["analytics utility"],"fullName":"analytics utility tracks on localhost","status":"passed","title":"tracks on localhost","duration":3.4304000000001906,"failureMessages":[],"meta":{}},{"ancestorTitles":["analytics utility"],"fullName":"analytics utility tracks on local 127.0.0.1 loopback","status":"passed","title":"tracks on local 127.0.0.1 loopback","duration":0.685500000000502,"failureMessages":[],"meta":{}},{"ancestorTitles":["analytics utility"],"fullName":"analytics utility fires a POST request to the analytics api for external domains","status":"passed","title":"fires a POST request to the analytics api for external domains","duration":4.425500000000284,"failureMessages":[],"meta":{}},{"ancestorTitles":["analytics utility"],"fullName":"analytics utility fails silently without crashing if the fetch terminates","status":"passed","title":"fails silently without crashing if the fetch terminates","duration":3.8125,"failureMessages":[],"meta":{}}],"startTime":1778172479839,"endTime":1778172479850.8125,"status":"passed","message":"","name":"C:/Users/david/dev/robotics/ftc/ARESWEB/src/utils/analytics.test.ts"},{"assertionResults":[{"ancestorTitles":["apiClient","fetchBlob"],"fullName":"apiClient fetchBlob returns blob on success","status":"passed","title":"returns blob on success","duration":6.4310999999997875,"failureMessages":[],"meta":{}},{"ancestorTitles":["apiClient","fetchBlob"],"fullName":"apiClient fetchBlob throws on non-ok status","status":"passed","title":"throws on non-ok status","duration":1.856999999999971,"failureMessages":[],"meta":{}},{"ancestorTitles":["apiClient","uploadFile"],"fullName":"apiClient uploadFile uploads file and returns json","status":"passed","title":"uploads file and returns json","duration":2.0815999999995256,"failureMessages":[],"meta":{}},{"ancestorTitles":["apiClient","uploadFile"],"fullName":"apiClient uploadFile throws error with json message if available","status":"passed","title":"throws error with json message if available","duration":0.6657999999997628,"failureMessages":[],"meta":{}},{"ancestorTitles":["apiClient","uploadFile"],"fullName":"apiClient uploadFile throws fallback error if json lacks error field","status":"passed","title":"throws fallback error if json lacks error field","duration":0.6183000000000902,"failureMessages":[],"meta":{}},{"ancestorTitles":["apiClient","fetchJson"],"fullName":"apiClient fetchJson returns json on success","status":"passed","title":"returns json on success","duration":1.0105000000003201,"failureMessages":[],"meta":{}},{"ancestorTitles":["apiClient","fetchJson"],"fullName":"apiClient fetchJson throws error with zod issues array parsed","status":"passed","title":"throws error with zod issues array parsed","duration":0.612699999999677,"failureMessages":[],"meta":{}},{"ancestorTitles":["apiClient","fetchJson"],"fullName":"apiClient fetchJson throws error with object message field","status":"passed","title":"throws error with object message field","duration":0.5365000000001601,"failureMessages":[],"meta":{}},{"ancestorTitles":["apiClient","fetchJson"],"fullName":"apiClient fetchJson throws error with string error field","status":"passed","title":"throws error with string error field","duration":0.6323000000002139,"failureMessages":[],"meta":{}},{"ancestorTitles":["apiClient","fetchJson"],"fullName":"apiClient fetchJson throws error with top level message field","status":"passed","title":"throws error with top level message field","duration":0.4795000000003711,"failureMessages":[],"meta":{}},{"ancestorTitles":["apiClient","fetchJson"],"fullName":"apiClient fetchJson falls back to status text and body text","status":"passed","title":"falls back to status text and body text","duration":0.6903000000002066,"failureMessages":[],"meta":{}}],"startTime":1778172468003,"endTime":1778172468019.6902,"status":"passed","message":"","name":"C:/Users/david/dev/robotics/ftc/ARESWEB/src/utils/apiClient.test.ts"},{"assertionResults":[{"ancestorTitles":["auth-client utility"],"fullName":"auth-client utility should export authClient and standard methods","status":"passed","title":"should export authClient and standard methods","duration":1.4606999999996333,"failureMessages":[],"meta":{}}],"startTime":1778172485317,"endTime":1778172485318.4607,"status":"passed","message":"","name":"C:/Users/david/dev/robotics/ftc/ARESWEB/src/utils/auth-client.test.ts"},{"assertionResults":[{"ancestorTitles":["calendar utility"],"fullName":"calendar utility generates valid ICS data and triggers download","status":"passed","title":"generates valid ICS data and triggers download","duration":5.939300000000003,"failureMessages":[],"meta":{}},{"ancestorTitles":["calendar utility"],"fullName":"calendar utility defaults to 2-hour duration when date_end is null","status":"passed","title":"defaults to 2-hour duration when date_end is null","duration":1.2874000000001615,"failureMessages":[],"meta":{}},{"ancestorTitles":["calendar utility"],"fullName":"calendar utility sanitizes special characters from filename","status":"passed","title":"sanitizes special characters from filename","duration":0.9253000000007887,"failureMessages":[],"meta":{}},{"ancestorTitles":["calendar utility"],"fullName":"calendar utility handles empty location gracefully","status":"passed","title":"handles empty location gracefully","duration":0.850800000000163,"failureMessages":[],"meta":{}},{"ancestorTitles":["calendar utility"],"fullName":"calendar utility does nothing when event is falsy","status":"passed","title":"does nothing when event is falsy","duration":0.929599999999482,"failureMessages":[],"meta":{}}],"startTime":1778172475497,"endTime":1778172475506.9297,"status":"passed","message":"","name":"C:/Users/david/dev/robotics/ftc/ARESWEB/src/utils/calendar.test.ts"},{"assertionResults":[{"ancestorTitles":["cn utility"],"fullName":"cn utility merges standard tailwind strings","status":"passed","title":"merges standard tailwind strings","duration":9.693199999999706,"failureMessages":[],"meta":{}},{"ancestorTitles":["cn utility"],"fullName":"cn utility handles conditional class objects","status":"passed","title":"handles conditional class objects","duration":0.5682999999999083,"failureMessages":[],"meta":{}},{"ancestorTitles":["cn utility"],"fullName":"cn utility resolves tailwind style conflicts utilizing tailwind-merge","status":"passed","title":"resolves tailwind style conflicts utilizing tailwind-merge","duration":0.57129999999961,"failureMessages":[],"meta":{}},{"ancestorTitles":["cn utility"],"fullName":"cn utility filters out falsy values","status":"passed","title":"filters out falsy values","duration":0.2727000000004409,"failureMessages":[],"meta":{}}],"startTime":1778172484523,"endTime":1778172484534.2727,"status":"passed","message":"","name":"C:/Users/david/dev/robotics/ftc/ARESWEB/src/utils/cn.test.ts"},{"assertionResults":[{"ancestorTitles":["extractTextFromAst"],"fullName":"extractTextFromAst returns empty string for null or undefined","status":"passed","title":"returns empty string for null or undefined","duration":1.3886999999995169,"failureMessages":[],"meta":{}},{"ancestorTitles":["extractTextFromAst"],"fullName":"extractTextFromAst extracts text from plain string if not JSON","status":"passed","title":"extracts text from plain string if not JSON","duration":0.3099000000001979,"failureMessages":[],"meta":{}},{"ancestorTitles":["extractTextFromAst"],"fullName":"extractTextFromAst extracts text from stringified AST","status":"passed","title":"extracts text from stringified AST","duration":0.32999999999992724,"failureMessages":[],"meta":{}},{"ancestorTitles":["extractTextFromAst"],"fullName":"extractTextFromAst extracts text from node with text field","status":"passed","title":"extracts text from node with text field","duration":0.28369999999995343,"failureMessages":[],"meta":{}},{"ancestorTitles":["extractTextFromAst"],"fullName":"extractTextFromAst extracts and concatenates text from nested content array","status":"passed","title":"extracts and concatenates text from nested content array","duration":0.2260999999998603,"failureMessages":[],"meta":{}},{"ancestorTitles":["extractTextFromAst"],"fullName":"extractTextFromAst returns empty string for nodes with no text or content","status":"passed","title":"returns empty string for nodes with no text or content","duration":0.2654999999995198,"failureMessages":[],"meta":{}}],"startTime":1778172483618,"endTime":1778172483620.33,"status":"passed","message":"","name":"C:/Users/david/dev/robotics/ftc/ARESWEB/src/utils/content.test.ts"},{"assertionResults":[{"ancestorTitles":["imageProcessor utility"],"fullName":"imageProcessor utility compresses standard non-HEIC images directly using canvas","status":"passed","title":"compresses standard non-HEIC images directly using canvas","duration":22.02600000000075,"failureMessages":[],"meta":{}},{"ancestorTitles":["imageProcessor utility"],"fullName":"imageProcessor utility attempts native decode first for HEIC files","status":"passed","title":"attempts native decode first for HEIC files","duration":14.444300000000112,"failureMessages":[],"meta":{}},{"ancestorTitles":["imageProcessor utility"],"fullName":"imageProcessor utility falls back to heic2any software decode if native native canvas decoding fails","status":"passed","title":"falls back to heic2any software decode if native native canvas decoding fails","duration":12.049399999999878,"failureMessages":[],"meta":{}},{"ancestorTitles":["imageProcessor utility"],"fullName":"imageProcessor utility rejects if the canvas output is too small (blank layout error)","status":"passed","title":"rejects if the canvas output is too small (blank layout error)","duration":3.2422999999998865,"failureMessages":[],"meta":{}},{"ancestorTitles":["imageProcessor utility"],"fullName":"imageProcessor utility rejects if the image loads with zero dimensions","status":"passed","title":"rejects if the image loads with zero dimensions","duration":2.7520999999997002,"failureMessages":[],"meta":{}},{"ancestorTitles":["imageProcessor utility"],"fullName":"imageProcessor utility rejects if the canvas context is unavailable","status":"passed","title":"rejects if the canvas context is unavailable","duration":1.546900000000278,"failureMessages":[],"meta":{}},{"ancestorTitles":["imageProcessor utility"],"fullName":"imageProcessor utility handles software decode failure gracefully","status":"passed","title":"handles software decode failure gracefully","duration":17.456599999999526,"failureMessages":[],"meta":{}}],"startTime":1778172454925,"endTime":1778172454998.4565,"status":"passed","message":"","name":"C:/Users/david/dev/robotics/ftc/ARESWEB/src/utils/imageProcessor.test.ts"},{"assertionResults":[{"ancestorTitles":["logger"],"fullName":"logger should have all logging methods","status":"passed","title":"should have all logging methods","duration":2.03479999999945,"failureMessages":[],"meta":{}},{"ancestorTitles":["logger"],"fullName":"logger should call error method without throwing","status":"passed","title":"should call error method without throwing","duration":0.8921000000000276,"failureMessages":[],"meta":{}},{"ancestorTitles":["logger"],"fullName":"logger should handle error with extra arguments","status":"passed","title":"should handle error with extra arguments","duration":0.3726999999998952,"failureMessages":[],"meta":{}},{"ancestorTitles":["logger"],"fullName":"logger should handle all log methods without throwing","status":"passed","title":"should handle all log methods without throwing","duration":1.4224999999996726,"failureMessages":[],"meta":{}},{"ancestorTitles":["logger"],"fullName":"logger should prefix messages correctly","status":"passed","title":"should prefix messages correctly","duration":1.942599999999402,"failureMessages":[],"meta":{}}],"startTime":1778172481423,"endTime":1778172481429.9426,"status":"passed","message":"","name":"C:/Users/david/dev/robotics/ftc/ARESWEB/src/utils/logger.test.ts"},{"assertionResults":[{"ancestorTitles":["logoResolvers utility","extractDomain"],"fullName":"logoResolvers utility extractDomain handles standard domains","status":"passed","title":"handles standard domains","duration":1.4276999999992768,"failureMessages":[],"meta":{}},{"ancestorTitles":["logoResolvers utility","extractDomain"],"fullName":"logoResolvers utility extractDomain strips http and https protocols","status":"passed","title":"strips http and https protocols","duration":0.4695000000001528,"failureMessages":[],"meta":{}},{"ancestorTitles":["logoResolvers utility","extractDomain"],"fullName":"logoResolvers utility extractDomain strips www subdomains","status":"passed","title":"strips www subdomains","duration":0.32960000000002765,"failureMessages":[],"meta":{}},{"ancestorTitles":["logoResolvers utility","extractDomain"],"fullName":"logoResolvers utility extractDomain removes paths and query parameters","status":"passed","title":"removes paths and query parameters","duration":0.30419999999958236,"failureMessages":[],"meta":{}},{"ancestorTitles":["logoResolvers utility","extractDomain"],"fullName":"logoResolvers utility extractDomain returns empty string for empty inputs","status":"passed","title":"returns empty string for empty inputs","duration":0.3249999999998181,"failureMessages":[],"meta":{}},{"ancestorTitles":["logoResolvers utility","getLogoUrl"],"fullName":"logoResolvers utility getLogoUrl generates the correct Google Favicon URL","status":"passed","title":"generates the correct Google Favicon URL","duration":0.3146999999999025,"failureMessages":[],"meta":{}},{"ancestorTitles":["logoResolvers utility","getLogoUrl"],"fullName":"logoResolvers utility getLogoUrl returns empty string if domain is invalid","status":"passed","title":"returns empty string if domain is invalid","duration":0.19020000000000437,"failureMessages":[],"meta":{}}],"startTime":1778172484515,"endTime":1778172484518.3147,"status":"passed","message":"","name":"C:/Users/david/dev/robotics/ftc/ARESWEB/src/utils/logoResolvers.test.ts"},{"assertionResults":[{"ancestorTitles":["security utility - sanitizeHtml"],"fullName":"security utility - sanitizeHtml returns an empty string if input is empty","status":"passed","title":"returns an empty string if input is empty","duration":1.640400000000227,"failureMessages":[],"meta":{}},{"ancestorTitles":["security utility - sanitizeHtml"],"fullName":"security utility - sanitizeHtml allows safe HTML tags","status":"passed","title":"allows safe HTML tags","duration":15.464899999999943,"failureMessages":[],"meta":{}},{"ancestorTitles":["security utility - sanitizeHtml"],"fullName":"security utility - sanitizeHtml removes unsafe tags like <script>","status":"passed","title":"removes unsafe tags like <script>","duration":4.6390999999994165,"failureMessages":[],"meta":{}},{"ancestorTitles":["security utility - sanitizeHtml"],"fullName":"security utility - sanitizeHtml removes unsafe attributes like onclick","status":"passed","title":"removes unsafe attributes like onclick","duration":5.702100000000428,"failureMessages":[],"meta":{}},{"ancestorTitles":["security utility - sanitizeHtml"],"fullName":"security utility - sanitizeHtml allows safe attributes like href","status":"passed","title":"allows safe attributes like href","duration":3.63629999999921,"failureMessages":[],"meta":{}},{"ancestorTitles":["security utility - sanitizeHtml"],"fullName":"security utility - sanitizeHtml allows image tags and safe attributes","status":"passed","title":"allows image tags and safe attributes","duration":3.2898000000004686,"failureMessages":[],"meta":{}},{"ancestorTitles":["security utility - HMAC tutorial progress"],"fullName":"security utility - HMAC tutorial progress should sign and verify valid tutorial progress","status":"passed","title":"should sign and verify valid tutorial progress","duration":31.597499999999854,"failureMessages":[],"meta":{}},{"ancestorTitles":["security utility - HMAC tutorial progress"],"fullName":"security utility - HMAC tutorial progress should verify valid signed data","status":"passed","title":"should verify valid signed data","duration":1.5006000000003041,"failureMessages":[],"meta":{}},{"ancestorTitles":["security utility - HMAC tutorial progress"],"fullName":"security utility - HMAC tutorial progress should reject tampered progress","status":"passed","title":"should reject tampered progress","duration":2.202900000000227,"failureMessages":[],"meta":{}},{"ancestorTitles":["security utility - HMAC tutorial progress"],"fullName":"security utility - HMAC tutorial progress should reject null input","status":"passed","title":"should reject null input","duration":0.37370000000009895,"failureMessages":[],"meta":{}},{"ancestorTitles":["security utility - HMAC tutorial progress"],"fullName":"security utility - HMAC tutorial progress should reject data without progress","status":"passed","title":"should reject data without progress","duration":0.3558000000002721,"failureMessages":[],"meta":{}},{"ancestorTitles":["security utility - HMAC tutorial progress"],"fullName":"security utility - HMAC tutorial progress should reject data without signature","status":"passed","title":"should reject data without signature","duration":0.3555999999998676,"failureMessages":[],"meta":{}},{"ancestorTitles":["security utility - HMAC tutorial progress"],"fullName":"security utility - HMAC tutorial progress should handle empty progress array","status":"passed","title":"should handle empty progress array","duration":1.3119000000006054,"failureMessages":[],"meta":{}},{"ancestorTitles":["security utility - validateUrlParam"],"fullName":"security utility - validateUrlParam should accept safe alphanumeric parameters","status":"passed","title":"should accept safe alphanumeric parameters","duration":0.3888999999999214,"failureMessages":[],"meta":{}},{"ancestorTitles":["security utility - validateUrlParam"],"fullName":"security utility - validateUrlParam should accept parameters with special safe characters","status":"passed","title":"should accept parameters with special safe characters","duration":0.3639000000002852,"failureMessages":[],"meta":{}},{"ancestorTitles":["security utility - validateUrlParam"],"fullName":"security utility - validateUrlParam should reject undefined","status":"passed","title":"should reject undefined","duration":0.18479999999999563,"failureMessages":[],"meta":{}},{"ancestorTitles":["security utility - validateUrlParam"],"fullName":"security utility - validateUrlParam should reject empty string","status":"passed","title":"should reject empty string","duration":0.15129999999953725,"failureMessages":[],"meta":{}},{"ancestorTitles":["security utility - validateUrlParam"],"fullName":"security utility - validateUrlParam should reject directory traversal","status":"passed","title":"should reject directory traversal","duration":0.22990000000027067,"failureMessages":[],"meta":{}},{"ancestorTitles":["security utility - validateUrlParam"],"fullName":"security utility - validateUrlParam should reject script tags","status":"passed","title":"should reject script tags","duration":0.23440000000027794,"failureMessages":[],"meta":{}},{"ancestorTitles":["security utility - validateUrlParam"],"fullName":"security utility - validateUrlParam should reject javascript protocol","status":"passed","title":"should reject javascript protocol","duration":0.2737999999999374,"failureMessages":[],"meta":{}},{"ancestorTitles":["security utility - validateUrlParam"],"fullName":"security utility - validateUrlParam should reject event handlers","status":"passed","title":"should reject event handlers","duration":0.20899999999983265,"failureMessages":[],"meta":{}},{"ancestorTitles":["security utility - validateUrlParam"],"fullName":"security utility - validateUrlParam should reject parameters over 256 characters","status":"passed","title":"should reject parameters over 256 characters","duration":0.4084000000002561,"failureMessages":[],"meta":{}},{"ancestorTitles":["security utility - validateIdParam"],"fullName":"security utility - validateIdParam should accept UUID format","status":"passed","title":"should accept UUID format","duration":0.7867999999998574,"failureMessages":[],"meta":{}},{"ancestorTitles":["security utility - validateIdParam"],"fullName":"security utility - validateIdParam should accept numeric IDs","status":"passed","title":"should accept numeric IDs","duration":0.4699000000000524,"failureMessages":[],"meta":{}},{"ancestorTitles":["security utility - validateIdParam"],"fullName":"security utility - validateIdParam should accept slug-like format","status":"passed","title":"should accept slug-like format","duration":0.5780999999997221,"failureMessages":[],"meta":{}},{"ancestorTitles":["security utility - validateIdParam"],"fullName":"security utility - validateIdParam should reject slugs starting with hyphen","status":"passed","title":"should reject slugs starting with hyphen","duration":0.28070000000025175,"failureMessages":[],"meta":{}},{"ancestorTitles":["security utility - validateIdParam"],"fullName":"security utility - validateIdParam should reject slugs ending with hyphen","status":"passed","title":"should reject slugs ending with hyphen","duration":0.2055000000000291,"failureMessages":[],"meta":{}},{"ancestorTitles":["security utility - validateIdParam"],"fullName":"security utility - validateIdParam should reject slugs with double hyphens","status":"passed","title":"should reject slugs with double hyphens","duration":0.16749999999956344,"failureMessages":[],"meta":{}},{"ancestorTitles":["security utility - validateIdParam"],"fullName":"security utility - validateIdParam should reject uppercase in slugs","status":"passed","title":"should reject uppercase in slugs","duration":0.12849999999980355,"failureMessages":[],"meta":{}},{"ancestorTitles":["security utility - validateIdParam"],"fullName":"security utility - validateIdParam should reject undefined","status":"passed","title":"should reject undefined","duration":0.1125000000001819,"failureMessages":[],"meta":{}},{"ancestorTitles":["security utility - validateIdParam"],"fullName":"security utility - validateIdParam should reject empty string","status":"passed","title":"should reject empty string","duration":0.8870999999999185,"failureMessages":[],"meta":{}},{"ancestorTitles":["security utility - validateIdParam"],"fullName":"security utility - validateIdParam should reject parameters over 128 characters","status":"passed","title":"should reject parameters over 128 characters","duration":0.20799999999962893,"failureMessages":[],"meta":{}},{"ancestorTitles":["security utility - validateIdParam"],"fullName":"security utility - validateIdParam should reject negative numbers","status":"passed","title":"should reject negative numbers","duration":0.16880000000037398,"failureMessages":[],"meta":{}},{"ancestorTitles":["security utility - validateIdParam"],"fullName":"security utility - validateIdParam should reject decimal numbers","status":"passed","title":"should reject decimal numbers","duration":0.16060000000015862,"failureMessages":[],"meta":{}}],"startTime":1778172459054,"endTime":1778172459134.208,"status":"passed","message":"","name":"C:/Users/david/dev/robotics/ftc/ARESWEB/src/utils/security.test.ts"},{"assertionResults":[{"ancestorTitles":["storageKeys","STORAGE_KEYS"],"fullName":"storageKeys STORAGE_KEYS should have all required static keys","status":"passed","title":"should have all required static keys","duration":1.9148000000004686,"failureMessages":[],"meta":{}},{"ancestorTitles":["storageKeys","STORAGE_KEYS"],"fullName":"storageKeys STORAGE_KEYS should have TUTORIAL_PROGRESS function key","status":"passed","title":"should have TUTORIAL_PROGRESS function key","duration":0.40279999999984284,"failureMessages":[],"meta":{}},{"ancestorTitles":["storageKeys","STORAGE_KEYS"],"fullName":"storageKeys STORAGE_KEYS should have ERROR_BOUNDARY_RELOAD function key","status":"passed","title":"should have ERROR_BOUNDARY_RELOAD function key","duration":0.2923000000000684,"failureMessages":[],"meta":{}},{"ancestorTitles":["storageKeys","getSimChatKey"],"fullName":"storageKeys getSimChatKey should return key with simId when provided","status":"passed","title":"should return key with simId when provided","duration":0.27930000000014843,"failureMessages":[],"meta":{}},{"ancestorTitles":["storageKeys","getSimChatKey"],"fullName":"storageKeys getSimChatKey should return key with 'new' when simId is null","status":"passed","title":"should return key with 'new' when simId is null","duration":0.4393000000000029,"failureMessages":[],"meta":{}},{"ancestorTitles":["storageKeys","getSimChatKey"],"fullName":"storageKeys getSimChatKey should return key with 'new' when simId is empty string (falsy check)","status":"passed","title":"should return key with 'new' when simId is empty string (falsy check)","duration":0.32659999999941647,"failureMessages":[],"meta":{}},{"ancestorTitles":["storageKeys","getSimChatKey"],"fullName":"storageKeys getSimChatKey should handle special characters in simId","status":"passed","title":"should handle special characters in simId","duration":0.32950000000073487,"failureMessages":[],"meta":{}}],"startTime":1778172481561,"endTime":1778172481566.3296,"status":"passed","message":"","name":"C:/Users/david/dev/robotics/ftc/ARESWEB/src/utils/storageKeys.test.ts"},{"assertionResults":[{"ancestorTitles":["tiptap extractAstText utility"],"fullName":"tiptap extractAstText utility returns empty string for null input","status":"passed","title":"returns empty string for null input","duration":1.545100000000275,"failureMessages":[],"meta":{}},{"ancestorTitles":["tiptap extractAstText utility"],"fullName":"tiptap extractAstText utility returns empty string for undefined input","status":"passed","title":"returns empty string for undefined input","duration":0.38850000000002183,"failureMessages":[],"meta":{}},{"ancestorTitles":["tiptap extractAstText utility"],"fullName":"tiptap extractAstText utility returns empty string for empty string input","status":"passed","title":"returns empty string for empty string input","duration":0.28330000000005384,"failureMessages":[],"meta":{}},{"ancestorTitles":["tiptap extractAstText utility"],"fullName":"tiptap extractAstText utility returns plain text strings as-is","status":"passed","title":"returns plain text strings as-is","duration":0.22810000000026776,"failureMessages":[],"meta":{}},{"ancestorTitles":["tiptap extractAstText utility"],"fullName":"tiptap extractAstText utility extracts text from a simple Tiptap doc","status":"passed","title":"extracts text from a simple Tiptap doc","duration":0.3007999999999811,"failureMessages":[],"meta":{}},{"ancestorTitles":["tiptap extractAstText utility"],"fullName":"tiptap extractAstText utility extracts text from nested Tiptap content","status":"passed","title":"extracts text from nested Tiptap content","duration":0.26740000000063446,"failureMessages":[],"meta":{}},{"ancestorTitles":["tiptap extractAstText utility"],"fullName":"tiptap extractAstText utility handles deeply nested content nodes","status":"passed","title":"handles deeply nested content nodes","duration":0.3846000000003187,"failureMessages":[],"meta":{}},{"ancestorTitles":["tiptap extractAstText utility"],"fullName":"tiptap extractAstText utility returns raw string for malformed JSON","status":"passed","title":"returns raw string for malformed JSON","duration":0.297099999999773,"failureMessages":[],"meta":{}},{"ancestorTitles":["tiptap extractAstText utility"],"fullName":"tiptap extractAstText utility returns raw string for JSON that is not a doc type","status":"passed","title":"returns raw string for JSON that is not a doc type","duration":0.2381999999997788,"failureMessages":[],"meta":{}},{"ancestorTitles":["tiptap extractAstText utility"],"fullName":"tiptap extractAstText u
[...]
"ancestorTitles":["Hono Backend - Events Router"],"fullName":"Hono Backend - Events Router GET / - list public events with locations","status":"passed","title":"GET / - list public events with locations","duration":4.538700000000972,"failureMessages":[],"meta":{}},{"ancestorTitles":["Hono Backend - Events Router"],"fullName":"Hono Backend - Events Router GET /admin/list - list admin events","status":"passed","title":"GET /admin/list - list admin events","duration":5.108000000000175,"failureMessages":[],"meta":{}},{"ancestorTitles":["Hono Backend - Events Router"],"fullName":"Hono Backend - Events Router GET /admin/list - list admin events with items","status":"passed","title":"GET /admin/list - list admin events with items","duration":3.963999999999942,"failureMessages":[],"meta":{}},{"ancestorTitles":["Hono Backend - Events Router"],"fullName":"Hono Backend - Events Router GET /:id - detail view","status":"passed","title":"GET /:id - detail view","duration":5.498799999999392,"failureMessages":[],"meta":{}},{"ancestorTitles":["Hono Backend - Events Router"],"fullName":"Hono Backend - Events Router GET /calendar-settings - handles database error","status":"passed","title":"GET /calendar-settings - handles database error","duration":10.229699999999866,"failureMessages":[],"meta":{}},{"ancestorTitles":["Hono Backend - Events Router"],"fullName":"Hono Backend - Events Router GET /:id - handles location lookup error","status":"passed","title":"GET /:id - handles location lookup error","duration":6.973899999999048,"failureMessages":[],"meta":{}},{"ancestorTitles":["Hono Backend - Events Router"],"fullName":"Hono Backend - Events Router POST /admin/save - create event","status":"passed","title":"POST /admin/save - create event","duration":8.198499999998603,"failureMessages":[],"meta":{}},{"ancestorTitles":["Hono Backend - Events Router"],"fullName":"Hono Backend - Events Router POST /admin/save - with socials and Zulip failure","status":"passed","title":"POST /admin/save - with socials and Zulip failure","duration":6.684999999999491,"failureMessages":[],"meta":{}},{"ancestorTitles":["Hono Backend - Events Router"],"fullName":"Hono Backend - Events Router POST /admin/save - handles pushEventToGcal failure gracefully","status":"passed","title":"POST /admin/save - handles pushEventToGcal failure gracefully","duration":6.643599999999424,"failureMessages":[],"meta":{}},{"ancestorTitles":["Hono Backend - Events Router"],"fullName":"Hono Backend - Events Router DELETE /admin/:id - delete event","status":"passed","title":"DELETE /admin/:id - delete event","duration":4.380299999998897,"failureMessages":[],"meta":{}},{"ancestorTitles":["Hono Backend - Events Router"],"fullName":"Hono Backend - Events Router GET /:id/signups - get signups","status":"passed","title":"GET /:id/signups - get signups","duration":3.819100000000617,"failureMessages":[],"meta":{}},{"ancestorTitles":["Hono Backend - Events Router"],"fullName":"Hono Backend - Events Router POST /:id/signups - submit signup","status":"passed","title":"POST /:id/signups - submit signup","duration":4.867399999999179,"failureMessages":[],"meta":{}},{"ancestorTitles":["Hono Backend - Events Router"],"fullName":"Hono Backend - Events Router PATCH /admin/:id - update event","status":"passed","title":"PATCH /admin/:id - update event","duration":5.82129999999961,"failureMessages":[],"meta":{}},{"ancestorTitles":["Hono Backend - Events Router"],"fullName":"Hono Backend - Events Router POST /admin/:id/approve - approve event","status":"passed","title":"POST /admin/:id/approve - approve event","duration":4.552799999999479,"failureMessages":[],"meta":{}},{"ancestorTitles":["Hono Backend - Events Router"],"fullName":"Hono Backend - Events Router POST /admin/:id/approve - with Zulip failure","status":"passed","title":"POST /admin/:id/approve - with Zulip failure","duration":4.475899999999456,"failureMessages":[],"meta":{}},{"ancestorTitles":["Hono Backend - Events Router"],"fullName":"Hono Backend - Events Router POST /admin/:id/reject - reject event","status":"passed","title":"POST /admin/:id/reject - reject event","duration":16.98070000000007,"failureMessages":[],"meta":{}},{"ancestorTitles":["Hono Backend - Events Router"],"fullName":"Hono Backend - Events Router POST /admin/:id/restore - undelete event","status":"passed","title":"POST /admin/:id/restore - undelete event","duration":4.389199999999619,"failureMessages":[],"meta":{}},{"ancestorTitles":["Hono Backend - Events Router"],"fullName":"Hono Backend - Events Router DELETE /admin/:id/purge - permanently delete event","status":"passed","title":"DELETE /admin/:id/purge - permanently delete event","duration":3.8924999999999272,"failureMessages":[],"meta":{}},{"ancestorTitles":["Hono Backend - Events Router"],"fullName":"Hono Backend - Events Router POST /admin/sync - sync events","status":"passed","title":"POST /admin/sync - sync events","duration":5.161199999998644,"failureMessages":[],"meta":{}},{"ancestorTitles":["Hono Backend - Events Router"],"fullName":"Hono Backend - Events Router POST /admin/:id/repush - repush event","status":"passed","title":"POST /admin/:id/repush - repush event","duration":4.915600000000268,"failureMessages":[],"meta":{}},{"ancestorTitles":["Hono Backend - Events Router"],"fullName":"Hono Backend - Events Router GET /calendar-settings - get public calendars","status":"passed","title":"GET /calendar-settings - get public calendars","duration":4.0781000000006316,"failureMessages":[],"meta":{}},{"ancestorTitles":["Hono Backend - Events Router"],"fullName":"Hono Backend - Events Router GET / - db error","status":"failed","title":"GET / - db error","duration":8.961100000000442,"failureMessages":["AssertionError: expected 200 to be 500 // Object.is equality\n    at C:\\Users\\david\\dev\\robotics\\ftc\\ARESWEB\\functions\\api\\routes\\events\\events.test.ts:468:24\n    at processTicksAndRejections (node:internal/process/task_queues:103:5)\n    at file:///C:/Users/david/dev/robotics/ftc/ARESWEB/node_modules/@vitest/runner/dist/index.js:533:5\n    at runTest (file:///C:/Users/david/dev/robotics/ftc/ARESWEB/node_modules/@vitest/runner/dist/index.js:1056:11)\n    at runSuite (file:///C:/Users/david/dev/robotics/ftc/ARESWEB/node_modules/@vitest/runner/dist/index.js:1205:15)\n    at runSuite (file:///C:/Users/david/dev/robotics/ftc/ARESWEB/node_modules/@vitest/runner/dist/index.js:1205:15)\n    at runFiles (file:///C:/Users/david/dev/robotics/ftc/ARESWEB/node_modules/@vitest/runner/dist/index.js:1262:5)\n    at startTests (file:///C:/Users/david/dev/robotics/ftc/ARESWEB/node_modules/@vitest/runner/dist/index.js:1271:3)\n    at file:///C:/Users/david/dev/robotics/ftc/ARESWEB/node_modules/vitest/dist/chunks/runBaseTests.3qpJUEJM.js:126:11\n    at withEnv (file:///C:/Users/david/dev/robotics/ftc/ARESWEB/node_modules/vitest/dist/chunks/runBaseTests.3qpJUEJM.js:90:5)"],"meta":{}},{"ancestorTitles":["Hono Backend - Events Router"],"fullName":"Hono Backend - Events Router GET /:id - 404","status":"passed","title":"GET /:id - 404","duration":3.9523000000008324,"failureMessages":[],"meta":{}},{"ancestorTitles":["Hono Backend - Events Router"],"fullName":"Hono Backend - Events Router GET /:id - db error","status":"failed","title":"GET /:id - db error","duration":4.131900000000314,"failureMessages":["AssertionError: expected 200 to be 404 // Object.is equality\n    at C:\\Users\\david\\dev\\robotics\\ftc\\ARESWEB\\functions\\api\\routes\\events\\events.test.ts:481:24\n    at processTicksAndRejections (node:internal/process/task_queues:103:5)\n    at file:///C:/Users/david/dev/robotics/ftc/ARESWEB/node_modules/@vitest/runner/dist/index.js:533:5\n    at runTest (file:///C:/Users/david/dev/robotics/ftc/ARESWEB/node_modules/@vitest/runner/dist/index.js:1056:11)\n    at runSuite (file:///C:/Users/david/dev/robotics/ftc/ARESWEB/node_modules/@vitest/runner/dist/index.js:1205:15)\n    at runSuite (file:///C:/Users/david/dev/robotics/ftc/ARESWEB/node_modules/@vitest/runner/dist/index.js:1205:15)\n    at runFiles (file:///C:/Users/david/dev/robotics/ftc/ARESWEB/node_modules/@vitest/runner/dist/index.js:1262:5)\n    at startTests (file:///C:/Users/david/dev/robotics/ftc/ARESWEB/node_modules/@vitest/runner/dist/index.js:1271:3)\n    at file:///C:/Users/david/dev/robotics/ftc/ARESWEB/node_modules/vitest/dist/chunks/runBaseTests.3qpJUEJM.js:126:11\n    at withEnv (file:///C:/Users/david/dev/robotics/ftc/ARESWEB/node_modules/vitest/dist/chunks/runBaseTests.3qpJUEJM.js:90:5)"],"meta":{}},{"ancestorTitles":["Hono Backend - Events Router"],"fullName":"Hono Backend - Events Router POST /admin/save - upsert if id provided","status":"passed","title":"POST /admin/save - upsert if id provided","duration":5.020700000000943,"failureMessages":[],"meta":{}},{"ancestorTitles":["Hono Backend - Events Router"],"fullName":"Hono Backend - Events Router PATCH /admin/:id - non-admin creates revision","status":"passed","title":"PATCH /admin/:id - non-admin creates revision","duration":4.010199999998804,"failureMessages":[],"meta":{}},{"ancestorTitles":["Hono Backend - Events Router"],"fullName":"Hono Backend - Events Router POST /admin/save - db error","status":"passed","title":"POST /admin/save - db error","duration":6.229699999999866,"failureMessages":[],"meta":{}},{"ancestorTitles":["Hono Backend - Events Router"],"fullName":"Hono Backend - Events Router DELETE /admin/:id - db error","status":"passed","title":"DELETE /admin/:id - db error","duration":6.112500000001091,"failureMessages":[],"meta":{}},{"ancestorTitles":["Hono Backend - Events Router"],"fullName":"Hono Backend - Events Router GET /:id/signups - db error","status":"passed","title":"GET /:id/signups - db error","duration":9.382700000000114,"failureMessages":[],"meta":{}},{"ancestorTitles":["Hono Backend - Events Router"],"fullName":"Hono Backend - Events Router POST /:id/signups - db error","status":"passed","title":"POST /:id/signups - db error","duration":4.567699999999604,"failureMessages":[],"meta":{}},{"ancestorTitles":["Hono Backend - Events Router"],"fullName":"Hono Backend - Events Router DELETE /:id/signups - delete my signup","status":"passed","title":"DELETE /:id/signups - delete my signup","duration":3.8665000000000873,"failureMessages":[],"meta":{}},{"ancestorTitles":["Hono Backend - Events Router"],"fullName":"Hono Backend - Events Router PATCH /:id/signups/me/attendance - update my attendance","status":"passed","title":"PATCH /:id/signups/me/attendance - update my attendance","duration":4.453499999999622,"failureMessages":[],"meta":{}},{"ancestorTitles":["Hono Backend - Events Router"],"fullName":"Hono Backend - Events Router PATCH /admin/:id/signups/:userId/attendance - update user attendance","status":"passed","title":"PATCH /admin/:id/signups/:userId/attendance - update user attendance","duration":4.331399999999121,"failureMessages":[],"meta":{}},{"ancestorTitles":["Hono Backend - Events Router"],"fullName":"Hono Backend - Events Router GET / - with search query","status":"skipped","title":"GET / - with search query","failureMessages":[],"meta":{}},{"ancestorTitles":["Hono Backend - Events Router"],"fullName":"Hono Backend - Events Router POST /admin/:id/approve - approve revision","status":"passed","title":"POST /admin/:id/approve - approve revision","duration":4.91320000000087,"failureMessages":[],"meta":{}},{"ancestorTitles":["Hono Backend - Events Router"],"fullName":"Hono Backend - Events Router POST /admin/sync - handles GCal failure","status":"passed","title":"POST /admin/sync - handles GCal failure","duration":5.663099999999758,"failureMessages":[],"meta":{}},{"ancestorTitles":["Hono Backend - Events Router"],"fullName":"Hono Backend - Events Router GET /admin/list - handles legacy schema error","status":"passed","title":"GET /admin/list - handles legacy schema error","duration":4.693999999999505,"failureMessages":[],"meta":{}},{"ancestorTitles":["Hono Backend - Events Router"],"fullName":"Hono Backend - Events Router PATCH /admin/:id/signups/:userId/attendance - unauthorized for normal user","status":"passed","title":"PATCH /admin/:id/signups/:userId/attendance - unauthorized for normal user","duration":4.3497000000006665,"failureMessages":[],"meta":{}},{"ancestorTitles":["Hono Backend - Events Router"],"fullName":"Hono Backend - Events Router POST /admin/:id/repush - handles error","status":"passed","title":"POST /admin/:id/repush - handles error","duration":4.2479999999995925,"failureMessages":[],"meta":{}},{"ancestorTitles":["Hono Backend - Events Router"],"fullName":"Hono Backend - Events Router GET / - handles fallback to older schema","status":"passed","title":"GET / - handles fallback to older schema","duration":4.075399999999718,"failureMessages":[],"meta":{}},{"ancestorTitles":["Hono Backend - Events Router"],"fullName":"Hono Backend - Events Router POST /admin/:id/repush - handles external tool error","status":"passed","title":"POST /admin/:id/repush - handles external tool error","duration":5.254499999999098,"failureMessages":[],"meta":{}},{"ancestorTitles":["Hono Backend - Events Router"],"fullName":"Hono Backend - Events Router GET /:id/signups - handles complex diet summary","status":"passed","title":"GET /:id/signups - handles complex diet summary","duration":4.835000000000946,"failureMessages":[],"meta":{}},{"ancestorTitles":["Hono Backend - Events Router"],"fullName":"Hono Backend - Events Router PATCH /admin/:id/signups/:userId/attendance - handles db error","status":"passed","title":"PATCH /admin/:id/signups/:userId/attendance - handles db error","duration":5.808600000000297,"failureMessages":[],"meta":{}},{"ancestorTitles":["Hono Backend - Events Router"],"fullName":"Hono Backend - Events Router POST /admin/:id/repush - handles GCal error","status":"passed","title":"POST /admin/:id/repush - handles GCal error","duration":19.64929999999913,"failureMessages":[],"meta":{}},{"ancestorTitles":["Hono Backend - Events Router"],"fullName":"Hono Backend - Events Router POST /admin/:id/repush - handles top level error","status":"passed","title":"POST /admin/:id/repush - handles top level error","duration":4.6825000000008,"failureMessages":[],"meta":{}},{"ancestorTitles":["Hono Backend - Events Router"],"fullName":"Hono Backend - Events Router PATCH /:id/signups/me/attendance - handles db error","status":"passed","title":"PATCH /:id/signups/me/attendance - handles db error","duration":5.396300000000338,"failureMessages":[],"meta":{}},{"ancestorTitles":["Hono Backend - Events Router"],"fullName":"Hono Backend - Events Router DELETE /:id/signups - handles db error","status":"passed","title":"DELETE /:id/signups - handles db error","duration":4.966699999999037,"failureMessages":[],"meta":{}},{"ancestorTitles":["Hono Backend - Events Router"],"fullName":"Hono Backend - Events Router DELETE /admin/:id - handles db error","status":"passed","title":"DELETE /admin/:id - handles db error","duration":4.447899999999208,"failureMessages":[],"meta":{}},{"ancestorTitles":["Hono Backend - Events Router"],"fullName":"Hono Backend - Events Router DELETE /admin/:id/purge - handles db error","status":"passed","title":"DELETE /admin/:id/purge - handles db error","duration":7.3685999999997875,"failureMessages":[],"meta":{}},{"ancestorTitles":["Hono Backend - Events Router"],"fullName":"Hono Backend - Events Router POST /admin/sync - handles missing config","status":"passed","title":"POST /admin/sync - handles missing config","duration":13.629399999999805,"failureMessages":[],"meta":{}},{"ancestorTitles":["Hono Backend - Events Router"],"fullName":"Hono Backend - Events Router POST /admin/sync - handles fatal error","status":"passed","title":"POST /admin/sync - handles fatal error","duration":7.899199999999837,"failureMessages":[],"meta":{}},{"ancestorTitles":["Hono Backend - Events Router"],"fullName":"Hono Backend - Events Router GET /:id/signups - handles unverified user","status":"passed","title":"GET /:id/signups - handles unverified user","duration":6.560699999999997,"failureMessages":[],"meta":{}},{"ancestorTitles":["Hono Backend - Events Router"],"fullName":"Hono Backend - Events Router GET /admin/list - handles error without fallback","status":"passed","title":"GET /admin/list - handles error without fallback","duration":6.761300000000119,"failureMessages":[],"meta":{}},{"ancestorTitles":["Hono Backend - Events Router"],"fullName":"Hono Backend - Events Router POST /admin/:id/reject - handles db error","status":"passed","title":"POST /admin/:id/reject - handles db error","duration":4.802100000000792,"failureMessages":[],"meta":{}},{"ancestorTitles":["Hono Backend - Events Router"],"fullName":"Hono Backend - Events Router POST /admin/:id/restore - handles db error","status":"passed","title":"POST /admin/:id/restore - handles db error","duration":4.630900000000111,"failureMessages":[],"meta":{}},{"ancestorTitles":["Hono Backend - Events Router"],"fullName":"Hono Backend - Events Router POST /admin/:id/restore - handles gcal error in wait","status":"passed","title":"POST /admin/:id/restore - handles gcal error in wait","duration":15.166299999998955,"failureMessages":[],"meta":{}},{"ancestorTitles":["Hono Backend - Events Router"],"fullName":"Hono Backend - Events Router DELETE /admin/:id - handles gcal delete","status":"passed","title":"DELETE /admin/:id - handles gcal delete","duration":5.477199999999357,"failureMessages":[],"meta":{}},{"ancestorTitles":["Hono Backend - Events Router"],"fullName":"Hono Backend - Events Router POST /admin/:id/approve - handles gcal fail","status":"passed","title":"POST /admin/:id/approve - handles gcal fail","duration":7.054700000000594,"failureMessages":[],"meta":{}},{"ancestorTitles":["Hono Backend - Events Router"],"fullName":"Hono Backend - Events Router PATCH /admin/:id - handles non-admin revision","status":"passed","title":"PATCH /admin/:id - handles non-admin revision","duration":6.9297999999998865,"failureMessages":[],"meta":{}},{"ancestorTitles":["Hono Backend - Events Router"],"fullName":"Hono Backend - Events Router PATCH /admin/:id - handles gcal fail in wait","status":"passed","title":"PATCH /admin/:id - handles gcal fail in wait","duration":44.08940000000075,"failureMessages":[],"meta":{}},{"ancestorTitles":["Hono Backend - Events Router"],"fullName":"Hono Backend - Events Router PATCH /admin/:id - handles db fail","status":"passed","title":"PATCH /admin/:id - handles db fail","duration":6.257299999999304,"failureMessages":[],"meta":{}},{"ancestorTitles":["Hono Backend - Events Router"],"fullName":"Hono Backend - Events Router POST /admin/:id/approve - handles db fail","status":"passed","title":"POST /admin/:id/approve - handles db fail","duration":4.619000000000597,"failureMessages":[],"meta":{}},{"ancestorTitles":["Hono Backend - Events Router"],"fullName":"Hono Backend - Events Router GET /admin/:id - handles error with fallback","status":"passed","title":"GET /admin/:id - handles error with fallback","duration":16.00250000000051,"failureMessages":[],"meta":{}},{"ancestorTitles":["Hono Backend - Events Router"],"fullName":"Hono Backend - Events Router GET /admin/:id - handles fatal error","status":"passed","title":"GET /admin/:id - handles fatal error","duration":7.255200000001423,"failureMessages":[],"meta":{}},{"ancestorTitles":["Hono Backend - Events Router"],"fullName":"Hono Backend - Events Router POST /admin/save - handles double submission","status":"passed","title":"POST /admin/save - handles double submission","duration":6.820899999998801,"failureMessages":[],"meta":{}},{"ancestorTitles":["Hono Backend - Events Router"],"fullName":"Hono Backend - Events Router POST /admin/save - handles gcal fail in wait","status":"passed","title":"POST /admin/save - handles gcal fail in wait","duration":8.533199999999852,"failureMessages":[],"meta":{}}],"startTime":1778172446628,"endTime":1778172447108.5332,"status":"failed","message":"","name":"C:/Users/david/dev/robotics/ftc/ARESWEB/functions/api/routes/events/events.test.ts"}]}
