<?xml version="1.0" encoding="UTF-8"?>
<coverage generated="1776727387536" clover="3.2.0">
  <project timestamp="1776727387536" name="All files">
    <metrics statements="75" coveredstatements="67" conditionals="30" coveredconditionals="25" methods="12" coveredmethods="12" elements="117" coveredelements="104" complexity="0" loc="75" ncloc="75" packages="1" files="6" classes="6"/>
    <file name="analytics.ts" path="C:\Users\david\dev\robotics\ftc\ARESWEB\src\utils\analytics.ts">
      <metrics statements="5" coveredstatements="5" conditionals="4" coveredconditionals="4" methods="1" coveredmethods="1"/>
      <line num="9" count="4" type="stmt"/>
      <line num="11" count="4" type="cond" truecount="2" falsecount="0"/>
      <line num="14" count="4" type="cond" truecount="2" falsecount="0"/>
      <line num="16" count="2" type="stmt"/>
      <line num="29" count="1" type="stmt"/>
    </file>
    <file name="auth-client.ts" path="C:\Users\david\dev\robotics\ftc\ARESWEB\src\utils\auth-client.ts">
      <metrics statements="2" coveredstatements="2" conditionals="0" coveredconditionals="0" methods="0" coveredmethods="0"/>
      <line num="3" count="1" type="stmt"/>
      <line num="7" count="1" type="stmt"/>
    </file>
    <file name="cn.ts" path="C:\Users\david\dev\robotics\ftc\ARESWEB\src\utils\cn.ts">
      <metrics statements="1" coveredstatements="1" conditionals="0" coveredconditionals="0" methods="1" coveredmethods="1"/>
      <line num="11" count="9" type="stmt"/>
    </file>
    <file name="constants.ts" path="C:\Users\david\dev\robotics\ftc\ARESWEB\src\utils\constants.ts">
      <metrics statements="1" coveredstatements="1" conditionals="0" coveredconditionals="0" methods="0" coveredmethods="0"/>
      <line num="6" count="1" type="stmt"/>
    </file>
    <file name="imageProcessor.ts" path="C:\Users\david\dev\robotics\ftc\ARESWEB\src\utils\imageProcessor.ts">
      <metrics statements="57" coveredstatements="49" conditionals="22" coveredconditionals="17" methods="8" coveredmethods="8"/>
      <line num="14" count="1" type="stmt"/>
      <line num="15" count="4" type="stmt"/>
      <line num="16" count="4" type="stmt"/>
      <line num="28" count="1" type="stmt"/>
      <line num="29" count="5" type="stmt"/>
      <line num="30" count="5" type="stmt"/>
      <line num="31" count="5" type="stmt"/>
      <line num="33" count="5" type="stmt"/>
      <line num="34" count="4" type="stmt"/>
      <line num="37" count="4" type="cond" truecount="3" falsecount="1"/>
      <line num="38" count="0" type="stmt"/>
      <line num="41" count="4" type="stmt"/>
      <line num="42" count="4" type="stmt"/>
      <line num="43" count="4" type="stmt"/>
      <line num="44" count="4" type="stmt"/>
      <line num="45" count="4" type="stmt"/>
      <line num="47" count="4" type="cond" truecount="1" falsecount="1"/>
      <line num="48" count="0" type="stmt"/>
      <line num="49" count="0" type="stmt"/>
      <line num="52" count="4" type="stmt"/>
      <line num="53" count="4" type="stmt"/>
      <line num="54" count="4" type="stmt"/>
      <line num="56" count="4" type="cond" truecount="1" falsecount="1"/>
      <line num="57" count="4" type="stmt"/>
      <line num="59" count="4" type="stmt"/>
      <line num="61" count="4" type="cond" truecount="4" falsecount="0"/>
      <line num="63" count="1" type="stmt"/>
      <line num="65" count="3" type="stmt"/>
      <line num="71" count="0" type="stmt"/>
      <line num="75" count="5" type="stmt"/>
      <line num="76" count="1" type="stmt"/>
      <line num="77" count="1" type="stmt"/>
      <line num="80" count="5" type="stmt"/>
      <line num="88" count="1" type="stmt"/>
      <line num="90" count="1" type="stmt"/>
      <line num="91" count="1" type="stmt"/>
      <line num="96" count="1" type="cond" truecount="1" falsecount="1"/>
      <line num="103" count="1" type="stmt"/>
      <line num="106" count="4" type="stmt"/>
      <line num="109" count="4" type="cond" truecount="2" falsecount="0"/>
      <line num="110" count="2" type="stmt"/>
      <line num="111" count="1" type="stmt"/>
      <line num="115" count="2" type="stmt"/>
      <line num="118" count="2" type="stmt"/>
      <line num="119" count="2" type="stmt"/>
      <line num="120" count="1" type="stmt"/>
      <line num="121" count="1" type="stmt"/>
      <line num="123" count="1" type="stmt"/>
      <line num="130" count="1" type="stmt"/>
      <line num="131" count="1" type="stmt"/>
      <line num="134" count="1" type="stmt"/>
      <line num="135" count="1" type="stmt"/>
      <line num="136" count="1" type="stmt"/>
      <line num="139" count="0" type="stmt"/>
      <line num="140" count="0" type="stmt"/>
      <line num="143" count="0" type="stmt"/>
      <line num="144" count="0" type="stmt"/>
    </file>
    <file name="logoResolvers.ts" path="C:\Users\david\dev\robotics\ftc\ARESWEB\src\utils\logoResolvers.ts">
      <metrics statements="9" coveredstatements="9" conditionals="4" coveredconditionals="4" methods="2" coveredmethods="2"/>
      <line num="6" count="21" type="cond" truecount="2" falsecount="0"/>
      <line num="8" count="18" type="stmt"/>
      <line num="11" count="18" type="stmt"/>
      <line num="14" count="18" type="stmt"/>
      <line num="17" count="18" type="stmt"/>
      <line num="19" count="18" type="stmt"/>
      <line num="27" count="8" type="cond" truecount="2" falsecount="0"/>
      <line num="28" count="6" type="stmt"/>
      <line num="30" count="6" type="stmt"/>
    </file>
  </project>
</coverage>
