{"C:\\Users\\david\\dev\\robotics\\ftc\\ARESWEB\\src\\utils\\analytics.ts": {"path":"C:\\Users\\david\\dev\\robotics\\ftc\\ARESWEB\\src\\utils\\analytics.ts","statementMap":{"0":{"start":{"line":9,"column":2},"end":{"line":30,"column":null}},"1":{"start":{"line":11,"column":20},"end":{"line":11,"column":null}},"2":{"start":{"line":14,"column":4},"end":{"line":14,"column":null}},"3":{"start":{"line":14,"column":17},"end":{"line":14,"column":null}},"4":{"start":{"line":16,"column":4},"end":{"line":26,"column":null}},"5":{"start":{"line":29,"column":4},"end":{"line":29,"column":null}}},"fnMap":{"0":{"name":"trackPageView","decl":{"start":{"line":8,"column":22},"end":{"line":8,"column":36}},"loc":{"start":{"line":8,"column":79},"end":{"line":31,"column":null}},"line":8}},"branchMap":{"0":{"loc":{"start":{"line":11,"column":20},"end":{"line":11,"column":null}},"type":"binary-expr","locations":[{"start":{"line":11,"column":20},"end":{"line":11,"column":64}},{"start":{"line":11,"column":64},"end":{"line":11,"column":null}}],"line":11},"1":{"loc":{"start":{"line":14,"column":4},"end":{"line":14,"column":null}},"type":"if","locations":[{"start":{"line":14,"column":4},"end":{"line":14,"column":null}},{"start":{},"end":{}}],"line":14}},"s":{"0":0,"1":0,"2":0,"3":0,"4":0,"5":0},"f":{"0":0},"b":{"0":[0,0],"1":[0,0]},"meta":{"lastBranch":2,"lastFunction":1,"lastStatement":6,"seen":{"f:8:22:8:36":0,"s:9:2:30:Infinity":0,"s:11:20:11:Infinity":1,"b:11:20:11:64:11:64:11:Infinity":0,"b:14:4:14:Infinity:undefined:undefined:undefined:undefined":1,"s:14:4:14:Infinity":2,"s:14:17:14:Infinity":3,"s:16:4:26:Infinity":4,"s:29:4:29:Infinity":5}}}
,"C:\\Users\\david\\dev\\robotics\\ftc\\ARESWEB\\src\\utils\\auth-client.ts": {"path":"C:\\Users\\david\\dev\\robotics\\ftc\\ARESWEB\\src\\utils\\auth-client.ts","statementMap":{"0":{"start":{"line":3,"column":13},"end":{"line":5,"column":null}},"1":{"start":{"line":7,"column":47},"end":{"line":7,"column":null}}},"fnMap":{},"branchMap":{},"s":{"0":1,"1":1},"f":{},"b":{},"meta":{"lastBranch":0,"lastFunction":0,"lastStatement":2,"seen":{"s:3:13:5:Infinity":0,"s:7:47:7:Infinity":1}}}
,"C:\\Users\\david\\dev\\robotics\\ftc\\ARESWEB\\src\\utils\\cn.ts": {"path":"C:\\Users\\david\\dev\\robotics\\ftc\\ARESWEB\\src\\utils\\cn.ts","statementMap":{"0":{"start":{"line":11,"column":2},"end":{"line":11,"column":null}}},"fnMap":{"0":{"name":"cn","decl":{"start":{"line":10,"column":16},"end":{"line":10,"column":22}},"loc":{"start":{"line":10,"column":44},"end":{"line":12,"column":null}},"line":10}},"branchMap":{},"s":{"0":9},"f":{"0":9},"b":{},"meta":{"lastBranch":0,"lastFunction":1,"lastStatement":1,"seen":{"f:10:16:10:22":0,"s:11:2:11:Infinity":0}}}
,"C:\\Users\\david\\dev\\robotics\\ftc\\ARESWEB\\src\\utils\\constants.ts": {"path":"C:\\Users\\david\\dev\\robotics\\ftc\\ARESWEB\\src\\utils\\constants.ts","statementMap":{"0":{"start":{"line":6,"column":35},"end":{"line":6,"column":null}}},"fnMap":{},"branchMap":{},"s":{"0":1},"f":{},"b":{},"meta":{"lastBranch":0,"lastFunction":0,"lastStatement":1,"seen":{"s:6:35:6:Infinity":0}}}
,"C:\\Users\\david\\dev\\robotics\\ftc\\ARESWEB\\src\\utils\\imageProcessor.ts": {"path":"C:\\Users\\david\\dev\\robotics\\ftc\\ARESWEB\\src\\utils\\imageProcessor.ts","statementMap":{"0":{"start":{"line":14,"column":19},"end":{"line":22,"column":null}},"1":{"start":{"line":15,"column":14},"end":{"line":15,"column":null}},"2":{"start":{"line":16,"column":2},"end":{"line":20,"column":null}},"3":{"start":{"line":28,"column":22},"end":{"line":82,"column":null}},"4":{"start":{"line":29,"column":2},"end":{"line":81,"column":null}},"5":{"start":{"line":30,"column":16},"end":{"line":30,"column":null}},"6":{"start":{"line":31,"column":16},"end":{"line":31,"column":null}},"7":{"start":{"line":33,"column":4},"end":{"line":73,"column":null}},"8":{"start":{"line":34,"column":6},"end":{"line":34,"column":null}},"9":{"start":{"line":37,"column":6},"end":{"line":39,"column":null}},"10":{"start":{"line":38,"column":8},"end":{"line":38,"column":null}},"11":{"start":{"line":41,"column":6},"end":{"line":72,"column":null}},"12":{"start":{"line":42,"column":23},"end":{"line":42,"column":null}},"13":{"start":{"line":43,"column":22},"end":{"line":43,"column":null}},"14":{"start":{"line":44,"column":16},"end":{"line":44,"column":null}},"15":{"start":{"line":45,"column":16},"end":{"line":45,"column":null}},"16":{"start":{"line":47,"column":8},"end":{"line":50,"column":null}},"17":{"start":{"line":48,"column":10},"end":{"line":48,"column":null}},"18":{"start":{"line":49,"column":10},"end":{"line":49,"column":null}},"19":{"start":{"line":52,"column":8},"end":{"line":52,"column":null}},"20":{"start":{"line":53,"column":8},"end":{"line":53,"column":null}},"21":{"start":{"line":54,"column":20},"end":{"line":54,"column":null}},"22":{"start":{"line":56,"column":8},"end":{"line":56,"column":null}},"23":{"start":{"line":56,"column":18},"end":{"line":56,"column":null}},"24":{"start":{"line":57,"column":8},"end":{"line":57,"column":null}},"25":{"start":{"line":59,"column":8},"end":{"line":69,"column":null}},"26":{"start":{"line":61,"column":12},"end":{"line":64,"column":null}},"27":{"start":{"line":63,"column":14},"end":{"line":63,"column":null}},"28":{"start":{"line":65,"column":12},"end":{"line":65,"column":null}},"29":{"start":{"line":71,"column":8},"end":{"line":71,"column":null}},"30":{"start":{"line":75,"column":4},"end":{"line":78,"column":null}},"31":{"start":{"line":76,"column":6},"end":{"line":76,"column":null}},"32":{"start":{"line":77,"column":6},"end":{"line":77,"column":null}},"33":{"start":{"line":80,"column":4},"end":{"line":80,"column":null}},"34":{"start":{"line":88,"column":27},"end":{"line":97,"column":null}},"35":{"start":{"line":90,"column":32},"end":{"line":90,"column":null}},"36":{"start":{"line":91,"column":20},"end":{"line":95,"column":null}},"37":{"start":{"line":96,"column":2},"end":{"line":96,"column":null}},"38":{"start":{"line":103,"column":29},"end":{"line":148,"column":null}},"39":{"start":{"line":106,"column":15},"end":{"line":106,"column":null}},"40":{"start":{"line":109,"column":2},"end":{"line":112,"column":null}},"41":{"start":{"line":110,"column":21},"end":{"line":110,"column":null}},"42":{"start":{"line":111,"column":4},"end":{"line":111,"column":null}},"43":{"start":{"line":115,"column":2},"end":{"line":115,"column":null}},"44":{"start":{"line":118,"column":2},"end":{"line":127,"column":null}},"45":{"start":{"line":119,"column":21},"end":{"line":119,"column":null}},"46":{"start":{"line":120,"column":4},"end":{"line":120,"column":null}},"47":{"start":{"line":121,"column":4},"end":{"line":121,"column":null}},"48":{"start":{"line":123,"column":4},"end":{"line":126,"column":null}},"49":{"start":{"line":130,"column":2},"end":{"line":147,"column":null}},"50":{"start":{"line":131,"column":21},"end":{"line":131,"column":null}},"51":{"start":{"line":134,"column":4},"end":{"line":141,"column":null}},"52":{"start":{"line":135,"column":23},"end":{"line":135,"column":null}},"53":{"start":{"line":136,"column":6},"end":{"line":136,"column":null}},"54":{"start":{"line":139,"column":6},"end":{"line":139,"column":null}},"55":{"start":{"line":140,"column":6},"end":{"line":140,"column":null}},"56":{"start":{"line":143,"column":4},"end":{"line":143,"column":null}},"57":{"start":{"line":144,"column":4},"end":{"line":146,"column":null}}},"fnMap":{"0":{"name":"(anonymous_0)","decl":{"start":{"line":14,"column":19},"end":{"line":14,"column":20}},"loc":{"start":{"line":14,"column":44},"end":{"line":22,"column":null}},"line":14},"1":{"name":"(anonymous_1)","decl":{"start":{"line":28,"column":22},"end":{"line":28,"column":23}},"loc":{"start":{"line":28,"column":59},"end":{"line":82,"column":null}},"line":28},"2":{"name":"(anonymous_2)","decl":{"start":{"line":29,"column":21},"end":{"line":29,"column":22}},"loc":{"start":{"line":29,"column":42},"end":{"line":81,"column":3}},"line":29},"3":{"name":"(anonymous_3)","decl":{"start":{"line":33,"column":17},"end":{"line":33,"column":23}},"loc":{"start":{"line":33,"column":23},"end":{"line":73,"column":null}},"line":33},"4":{"name":"(anonymous_4)","decl":{"start":{"line":60,"column":10},"end":{"line":60,"column":11}},"loc":{"start":{"line":60,"column":20},"end":{"line":66,"column":null}},"line":60},"5":{"name":"(anonymous_5)","decl":{"start":{"line":75,"column":18},"end":{"line":75,"column":24}},"loc":{"start":{"line":75,"column":24},"end":{"line":78,"column":null}},"line":75},"6":{"name":"(anonymous_6)","decl":{"start":{"line":88,"column":27},"end":{"line":88,"column":34}},"loc":{"start":{"line":88,"column":64},"end":{"line":97,"column":null}},"line":88},"7":{"name":"(anonymous_7)","decl":{"start":{"line":103,"column":29},"end":{"line":103,"column":null}},"loc":{"start":{"line":105,"column":43},"end":{"line":148,"column":null}},"line":105}},"branchMap":{"0":{"loc":{"start":{"line":17,"column":4},"end":{"line":20,"column":null}},"type":"binary-expr","locations":[{"start":{"line":17,"column":4},"end":{"line":17,"column":null}},{"start":{"line":18,"column":4},"end":{"line":18,"column":null}},{"start":{"line":19,"column":4},"end":{"line":19,"column":null}},{"start":{"line":20,"column":4},"end":{"line":20,"column":null}}],"line":17},"1":{"loc":{"start":{"line":37,"column":6},"end":{"line":39,"column":null}},"type":"if","locations":[{"start":{"line":37,"column":6},"end":{"line":39,"column":null}},{"start":{},"end":{}}],"line":37},"2":{"loc":{"start":{"line":37,"column":10},"end":{"line":37,"column":61}},"type":"binary-expr","locations":[{"start":{"line":37,"column":10},"end":{"line":37,"column":36}},{"start":{"line":37,"column":36},"end":{"line":37,"column":61}}],"line":37},"3":{"loc":{"start":{"line":47,"column":8},"end":{"line":50,"column":null}},"type":"if","locations":[{"start":{"line":47,"column":8},"end":{"line":50,"column":null}},{"start":{},"end":{}}],"line":47},"4":{"loc":{"start":{"line":56,"column":8},"end":{"line":56,"column":null}},"type":"if","locations":[{"start":{"line":56,"column":8},"end":{"line":56,"column":null}},{"start":{},"end":{}}],"line":56},"5":{"loc":{"start":{"line":61,"column":12},"end":{"line":64,"column":null}},"type":"if","locations":[{"start":{"line":61,"column":12},"end":{"line":64,"column":null}},{"start":{},"end":{}}],"line":61},"6":{"loc":{"start":{"line":61,"column":16},"end":{"line":61,"column":43}},"type":"binary-expr","locations":[{"start":{"line":61,"column":16},"end":{"line":61,"column":25}},{"start":{"line":61,"column":25},"end":{"line":61,"column":43}}],"line":61},"7":{"loc":{"start":{"line":96,"column":9},"end":{"line":96,"column":null}},"type":"cond-expr","locations":[{"start":{"line":96,"column":36},"end":{"line":96,"column":51}},{"start":{"line":96,"column":51},"end":{"line":96,"column":null}}],"line":96},"8":{"loc":{"start":{"line":109,"column":2},"end":{"line":112,"column":null}},"type":"if","locations":[{"start":{"line":109,"column":2},"end":{"line":112,"column":null}},{"start":{},"end":{}}],"line":109},"9":{"loc":{"start":{"line":125,"column":6},"end":{"line":125,"column":null}},"type":"cond-expr","locations":[{"start":{"line":125,"column":35},"end":{"line":125,"column":55}},{"start":{"line":125,"column":55},"end":{"line":125,"column":null}}],"line":125}},"s":{"0":0,"1":0,"2":0,"3":0,"4":0,"5":0,"6":0,"7":0,"8":0,"9":0,"10":0,"11":0,"12":0,"13":0,"14":0,"15":0,"16":0,"17":0,"18":0,"19":0,"20":0,"21":0,"22":0,"23":0,"24":0,"25":0,"26":0,"27":0,"28":0,"29":0,"30":0,"31":0,"32":0,"33":0,"34":0,"35":0,"36":0,"37":0,"38":0,"39":0,"40":0,"41":0,"42":0,"43":0,"44":0,"45":0,"46":0,"47":0,"48":0,"49":0,"50":0,"51":0,"52":0,"53":0,"54":0,"55":0,"56":0,"57":0},"f":{"0":0,"1":0,"2":0,"3":0,"4":0,"5":0,"6":0,"7":0},"b":{"0":[0,0,0,0],"1":[0,0],"2":[0,0],"3":[0,0],"4":[0,0],"5":[0,0],"6":[0,0],"7":[0,0],"8":[0,0],"9":[0,0]},"meta":{"lastBranch":10,"lastFunction":8,"lastStatement":58,"seen":{"s:14:19:22:Infinity":0,"f:14:19:14:20":0,"s:15:14:15:Infinity":1,"s:16:2:20:Infinity":2,"b:17:4:17:Infinity:18:4:18:Infinity:19:4:19:Infinity:20:4:20:Infinity":0,"s:28:22:82:Infinity":3,"f:28:22:28:23":1,"s:29:2:81:Infinity":4,"f:29:21:29:22":2,"s:30:16:30:Infinity":5,"s:31:16:31:Infinity":6,"s:33:4:73:Infinity":7,"f:33:17:33:23":3,"s:34:6:34:Infinity":8,"b:37:6:39:Infinity:undefined:undefined:undefined:undefined":1,"s:37:6:39:Infinity":9,"b:37:10:37:36:37:36:37:61":2,"s:38:8:38:Infinity":10,"s:41:6:72:Infinity":11,"s:42:23:42:Infinity":12,"s:43:22:43:Infinity":13,"s:44:16:44:Infinity":14,"s:45:16:45:Infinity":15,"b:47:8:50:Infinity:undefined:undefined:undefined:undefined":3,"s:47:8:50:Infinity":16,"s:48:10:48:Infinity":17,"s:49:10:49:Infinity":18,"s:52:8:52:Infinity":19,"s:53:8:53:Infinity":20,"s:54:20:54:Infinity":21,"b:56:8:56:Infinity:undefined:undefined:undefined:undefined":4,"s:56:8:56:Infinity":22,"s:56:18:56:Infinity":23,"s:57:8:57:Infinity":24,"s:59:8:69:Infinity":25,"f:60:10:60:11":4,"b:61:12:64:Infinity:undefined:undefined:undefined:undefined":5,"s:61:12:64:Infinity":26,"b:61:16:61:25:61:25:61:43":6,"s:63:14:63:Infinity":27,"s:65:12:65:Infinity":28,"s:71:8:71:Infinity":29,"s:75:4:78:Infinity":30,"f:75:18:75:24":5,"s:76:6:76:Infinity":31,"s:77:6:77:Infinity":32,"s:80:4:80:Infinity":33,"s:88:27:97:Infinity":34,"f:88:27:88:34":6,"s:90:32:90:Infinity":35,"s:91:20:95:Infinity":36,"s:96:2:96:Infinity":37,"b:96:36:96:51:96:51:96:Infinity":7,"s:103:29:148:Infinity":38,"f:103:29:103:Infinity":7,"s:106:15:106:Infinity":39,"b:109:2:112:Infinity:undefined:undefined:undefined:undefined":8,"s:109:2:112:Infinity":40,"s:110:21:110:Infinity":41,"s:111:4:111:Infinity":42,"s:115:2:115:Infinity":43,"s:118:2:127:Infinity":44,"s:119:21:119:Infinity":45,"s:120:4:120:Infinity":46,"s:121:4:121:Infinity":47,"s:123:4:126:Infinity":48,"b:125:35:125:55:125:55:125:Infinity":9,"s:130:2:147:Infinity":49,"s:131:21:131:Infinity":50,"s:134:4:141:Infinity":51,"s:135:23:135:Infinity":52,"s:136:6:136:Infinity":53,"s:139:6:139:Infinity":54,"s:140:6:140:Infinity":55,"s:143:4:143:Infinity":56,"s:144:4:146:Infinity":57}}}
,"C:\\Users\\david\\dev\\robotics\\ftc\\ARESWEB\\src\\utils\\logoResolvers.ts": {"path":"C:\\Users\\david\\dev\\robotics\\ftc\\ARESWEB\\src\\utils\\logoResolvers.ts","statementMap":{"0":{"start":{"line":6,"column":2},"end":{"line":6,"column":null}},"1":{"start":{"line":6,"column":14},"end":{"line":6,"column":null}},"2":{"start":{"line":8,"column":16},"end":{"line":8,"column":null}},"3":{"start":{"line":11,"column":2},"end":{"line":11,"column":null}},"4":{"start":{"line":14,"column":2},"end":{"line":14,"column":null}},"5":{"start":{"line":17,"column":2},"end":{"line":17,"column":null}},"6":{"start":{"line":19,"column":2},"end":{"line":19,"column":null}},"7":{"start":{"line":27,"column":2},"end":{"line":27,"column":null}},"8":{"start":{"line":27,"column":15},"end":{"line":27,"column":null}},"9":{"start":{"line":28,"column":16},"end":{"line":28,"column":null}},"10":{"start":{"line":30,"column":2},"end":{"line":30,"column":null}}},"fnMap":{"0":{"name":"extractDomain","decl":{"start":{"line":5,"column":16},"end":{"line":5,"column":30}},"loc":{"start":{"line":5,"column":53},"end":{"line":20,"column":null}},"line":5},"1":{"name":"getLogoUrl","decl":{"start":{"line":26,"column":16},"end":{"line":26,"column":27}},"loc":{"start":{"line":26,"column":51},"end":{"line":31,"column":null}},"line":26}},"branchMap":{"0":{"loc":{"start":{"line":6,"column":2},"end":{"line":6,"column":null}},"type":"if","locations":[{"start":{"line":6,"column":2},"end":{"line":6,"column":null}},{"start":{},"end":{}}],"line":6},"1":{"loc":{"start":{"line":27,"column":2},"end":{"line":27,"column":null}},"type":"if","locations":[{"start":{"line":27,"column":2},"end":{"line":27,"column":null}},{"start":{},"end":{}}],"line":27}},"s":{"0":21,"1":3,"2":18,"3":18,"4":18,"5":18,"6":18,"7":8,"8":2,"9":6,"10":6},"f":{"0":21,"1":8},"b":{"0":[3,18],"1":[2,6]},"meta":{"lastBranch":2,"lastFunction":2,"lastStatement":11,"seen":{"f:5:16:5:30":0,"b:6:2:6:Infinity:undefined:undefined:undefined:undefined":0,"s:6:2:6:Infinity":0,"s:6:14:6:Infinity":1,"s:8:16:8:Infinity":2,"s:11:2:11:Infinity":3,"s:14:2:14:Infinity":4,"s:17:2:17:Infinity":5,"s:19:2:19:Infinity":6,"f:26:16:26:27":1,"b:27:2:27:Infinity:undefined:undefined:undefined:undefined":1,"s:27:2:27:Infinity":7,"s:27:15:27:Infinity":8,"s:28:16:28:Infinity":9,"s:30:2:30:Infinity":10}}}
}
